[debug] [2020-05-16T07:39:32.343Z] ----------------------------------------------------------------------
[debug] [2020-05-16T07:39:32.346Z] Command:       /home/florent/Applications/node-v10.15.1-linux-x64/bin/node /home/florent/VisualStudioCode/ici-drive-customer-app/functions/node_modules/.bin/firebase emulators:start --only functions
[debug] [2020-05-16T07:39:32.346Z] CLI Version:   8.2.0
[debug] [2020-05-16T07:39:32.346Z] Platform:      linux
[debug] [2020-05-16T07:39:32.347Z] Node Version:  v10.15.1
[debug] [2020-05-16T07:39:32.347Z] Time:          Sat May 16 2020 09:39:32 GMT+0200 (GMT+02:00)
[debug] [2020-05-16T07:39:32.347Z] ----------------------------------------------------------------------
[debug] [2020-05-16T07:39:32.347Z] 
[debug] [2020-05-16T07:39:32.355Z] > command requires scopes: ["email","openid","https://www.googleapis.com/auth/cloudplatformprojects.readonly","https://www.googleapis.com/auth/firebase","https://www.googleapis.com/auth/cloud-platform"]
[debug] [2020-05-16T07:39:32.355Z] > authorizing via signed-in user
[info] i  emulators: Starting emulators: functions
[debug] [2020-05-16T07:39:32.403Z] [hub] writing locator at /tmp/hub-ici-drive.json
[info] ✔  hub: emulator hub started at http://localhost:4400
[warn] ⚠  Your requested "node" version "8" doesn't match your global version "10"
[info] ✔  functions: functions emulator started at http://localhost:5001
[info] i  functions: Watching "/home/florent/VisualStudioCode/ici-drive-customer-app/functions" for Cloud Functions...
[debug] [2020-05-16T07:39:32.445Z] [worker-pool] addWorker(~diagnostic~) 
[debug] [2020-05-16T07:39:32.445Z] [worker-pool] Adding worker with key ~diagnostic~, total=1 
[debug] [2020-05-16T07:39:32.446Z] [worker-pool] submitWork(triggerId=) 
[debug] [2020-05-16T07:39:32.447Z] [worker-~diagnostic~-e759ffb8-8b48-44d9-a306-059953f1f45e]: Assigning socketPath: /tmp/fire_emu_20045.sock 
[debug] [2020-05-16T07:39:32.448Z] [worker-~diagnostic~-e759ffb8-8b48-44d9-a306-059953f1f45e]: BUSY 
[debug] [2020-05-16T07:39:32.823Z] [runtime-status] [20045] Functions runtime initialized. {"cwd":"/home/florent/VisualStudioCode/ici-drive-customer-app/functions","node_version":"10.15.1"} 
[debug] [2020-05-16T07:39:32.826Z] [runtime-status] [20045] Disabled runtime features: undefined 
[debug] [2020-05-16T07:39:32.829Z] [runtime-status] [20045] Resolved module firebase-admin {"declared":true,"installed":true,"version":"8.11.0","resolution":"/home/florent/VisualStudioCode/ici-drive-customer-app/functions/node_modules/firebase-admin/lib/index.js"} 
[debug] [2020-05-16T07:39:32.833Z] [runtime-status] [20045] Resolved module firebase-functions {"declared":true,"installed":true,"version":"3.6.1","resolution":"/home/florent/VisualStudioCode/ici-drive-customer-app/functions/node_modules/firebase-functions/lib/index.js"} 
[debug] [2020-05-16T07:39:32.833Z] [runtime-status] [20045] Found local functions config: /home/florent/VisualStudioCode/ici-drive-customer-app/functions/.runtimeconfig.json 
[warn] ⚠  functions: Your GOOGLE_APPLICATION_CREDENTIALS environment variable points to /home/florent/Documents/espace_travail/ici-drive/ici-drive-946b5266ccce.json. Non-emulated services will access production using these credentials. Be careful!
[debug] [2020-05-16T07:39:32.838Z] [runtime-status] [20045] Outgoing network have been stubbed. [{"name":"http","status":"mocked"},{"name":"http","status":"mocked"},{"name":"https","status":"mocked"},{"name":"https","status":"mocked"},{"name":"net","status":"mocked"}] 
[debug] [2020-05-16T07:39:32.870Z] [runtime-status] [20045] Checked functions.config() {"config":{"elasticemail":{"url":"https://api.elasticemail.com/v2/email/send","apikey":"63FCBDF1D5FBE3BD941E9E65ACDBD39E76A61A011AD48E1979AD5BED3AD4A38FEC4BD26577EC04EAF188292A0DA8167B"},"bunnycdn":{"url":"https://storage.bunnycdn.com","apikey":"6ea9f12e-a27d-41dd-9040a884101c-2e09-4056"}}} 
[debug] [2020-05-16T07:39:32.871Z] [runtime-status] [20045] Resolved module firebase-functions {"declared":true,"installed":true,"version":"3.6.1","resolution":"/home/florent/VisualStudioCode/ici-drive-customer-app/functions/node_modules/firebase-functions/lib/index.js"} 
[debug] [2020-05-16T07:39:32.872Z] [runtime-status] [20045] Resolved module firebase-admin {"declared":true,"installed":true,"version":"8.11.0","resolution":"/home/florent/VisualStudioCode/ici-drive-customer-app/functions/node_modules/firebase-admin/lib/index.js"} 
[debug] [2020-05-16T07:39:32.873Z] [runtime-status] [20045] Resolved module firebase-functions {"declared":true,"installed":true,"version":"3.6.1","resolution":"/home/florent/VisualStudioCode/ici-drive-customer-app/functions/node_modules/firebase-functions/lib/index.js"} 
[debug] [2020-05-16T07:39:32.874Z] [runtime-status] [20045] firebase-admin has been stubbed. {"adminResolution":{"declared":true,"installed":true,"version":"8.11.0","resolution":"/home/florent/VisualStudioCode/ici-drive-customer-app/functions/node_modules/firebase-admin/lib/index.js"}} 
[debug] [2020-05-16T07:39:33.193Z] [runtime-status] [20045] config() parent accessed! {"parentKey":"elasticemail","parentConfig":{"elasticemail":{"url":"https://api.elasticemail.com/v2/email/send","apikey":"63FCBDF1D5FBE3BD941E9E65ACDBD39E76A61A011AD48E1979AD5BED3AD4A38FEC4BD26577EC04EAF188292A0DA8167B"},"bunnycdn":{"url":"https://storage.bunnycdn.com","apikey":"6ea9f12e-a27d-41dd-9040a884101c-2e09-4056"}}} 
[debug] [2020-05-16T07:39:33.193Z] [runtime-status] [20045] config() parent accessed! {"parentKey":"elasticemail","parentConfig":{"elasticemail":{"url":"https://api.elasticemail.com/v2/email/send","apikey":"63FCBDF1D5FBE3BD941E9E65ACDBD39E76A61A011AD48E1979AD5BED3AD4A38FEC4BD26577EC04EAF188292A0DA8167B"},"bunnycdn":{"url":"https://storage.bunnycdn.com","apikey":"6ea9f12e-a27d-41dd-9040a884101c-2e09-4056"}}} 
[debug] [2020-05-16T07:39:33.197Z] [runtime-status] [20045] config() parent accessed! {"parentKey":"bunnycdn","parentConfig":{"elasticemail":{"url":"https://api.elasticemail.com/v2/email/send","apikey":"63FCBDF1D5FBE3BD941E9E65ACDBD39E76A61A011AD48E1979AD5BED3AD4A38FEC4BD26577EC04EAF188292A0DA8167B"},"bunnycdn":{"url":"https://storage.bunnycdn.com","apikey":"6ea9f12e-a27d-41dd-9040a884101c-2e09-4056"}}} 
[debug] [2020-05-16T07:39:33.197Z] [runtime-status] [20045] config() parent accessed! {"parentKey":"bunnycdn","parentConfig":{"elasticemail":{"url":"https://api.elasticemail.com/v2/email/send","apikey":"63FCBDF1D5FBE3BD941E9E65ACDBD39E76A61A011AD48E1979AD5BED3AD4A38FEC4BD26577EC04EAF188292A0DA8167B"},"bunnycdn":{"url":"https://storage.bunnycdn.com","apikey":"6ea9f12e-a27d-41dd-9040a884101c-2e09-4056"}}} 
[debug] [2020-05-16T07:39:33.288Z] [runtime-status] [20045] initializeApp(DEFAULT) {"databaseURL":"https://ici-drive.firebaseio.com","storageBucket":"ici-drive.appspot.com","projectId":"ici-drive","credential":{"implicit":false,"projectId":"ici-drive","privateKey":"-----BEGIN PRIVATE KEY-----\nMIIEvQIBADANBgkqhkiG9w0BAQEFAASCBKcwggSjAgEAAoIBAQCahjjAIsD3TsGZ\nHeBwCC8wdKSrRt0cDdO8m+szftGMKTHTh7mS8ipWjcKuc3+MPhn4HDmW55oEw77u\nOMn8YIlhxapXaPNadzXu1LlUm0nerh11lAXM5/k/0i7wzPNCILCj8Homt2+E3NKn\nCLryKAvMbEu9ksqpy6z5Zarj1pKy0JtmBiZaQ4tcCPqjGCW05ZwclC8zQLwGHPLH\nkP7gcj0rfOU3Tr/t7ZirMLwz5GM33Zo142672wcnCIBlLmeIKk+7ctFnem79yJpk\nfNEU/VKTAPY9yyTJ/fHfW5al0r1De1s7HY/97Inozgk+x8ZCWRay7JFgypL/gBcS\niuWiY10fAgMBAAECggEAC66K+seF1AxxqVwvW/jabGzdCA/G5niLIc6dxNpZCCIT\nIL05g8jn93wnFB4qLdWCDBZCKkzfAW408Hh9mKVJrYkOfCY0g4nQm3oceq90sa9z\nDbD/kUKWPsNqhgzQdRbYk8Q5z9R9S0uQZ01LKMRrQ+yJ+05uINEDhiUv+qJ9m6P4\njRdwHklUfoD5Zm3+W+Nlc8bLLBq2MU6IZrfXFtek3677bCejZGdq4+98gRjMm3tI\nKoPAYM+Y/SZ62iFUy2sacPws5Kn/uyQVrvQFz3i3aka08BMjI/E7hotsuiSjEmMl\nvJgmiRqcmT3oJT0S3FAFaTSuSN1a8jTeKLTOfVQB1QKBgQDNVNL+dFZ9+A1oYbOJ\nXRodqZaj+ktJCqYD5QNt73kgm0YC3/W4C26VyBTcLjP4mljStDWSeVfDGUvHKe3i\nO/jlRyjkIeqgUOoLScwXLJSL5mZ55g8AdLXaDeHqtpInhiwn77+eaOgQlzCclP0m\nWmQECWpq+br8A4cHqyEvHFLk8wKBgQDAp9GrT0jAngKNP5cNP5mdVsqmvf1dfI0J\niKkDVGZ8eN3trPztHg5NqVkU4GS1hcgs63pnBFQ0YoD3g6HsQ3CxeGqWtOQJAPJB\nIcjKd+v/lt6t5911RTf/2tSFBf6Dcm2M2inT28xMRRxH1zlf5IBj2aJrJb4W/nZx\n4i7gWAAiJQKBgFRTiM+tsbPMQp1iupwoW0hhVJeFfJPDxsiErjLhDYrhmhAmMEDk\nmQb0g/SlGPz5To9CKVo9cViTs/ZYdvTZkm9/GQEQGM68TFJUfXfq/Bq0hdN8Mx8J\nz4F9ABIn5sBKrym7oaOKC/x8Sx+TZJ/ysW6i+0xxwWQsgrEYi+lQJY8XAoGANjXC\nqMqpdRHBNA+lqGOyDPTkFyE0zv6CDSG4NSilofa8s+lOTkZ7zdyOJXKyw+U+G22z\nRpOQQiFJmtweTwX3CukQTRHfbK0ofa1M+7Pc41GHnTW2Og5dIJBp5nh2UnR7YPvu\ncx/RD9EOkSR9j38TpYUSz8WSBJRbrdXwTM5WU0UCgYEAoQ0rX98Zv5fgIts2kz/k\n2O7Q46+Y8dmEICZ70fe0CNJ8m50SHl+U7VLnPHz3xw3NewoOww81IUi/ZYOSMfNN\n6e3Y6U66WXjJS+ipeuocUcigxLgnyaY7kfgx5saAhOC6mpGISHnMVbu3okFbgtci\ne0agWXI23HMhC95aZK2GGl0=\n-----END PRIVATE KEY-----\n","clientEmail":"ici-drive@appspot.gserviceaccount.com","httpClient":{"retry":{"maxRetries":4,"statusCodes":[503],"ioErrorCodes":["ECONNRESET","ETIMEDOUT"],"backOffFactor":0.5,"maxDelayInMillis":60000}}}} 
[warn] ⚠  functions: The Cloud Firestore emulator is not running, so calls to Firestore will affect production.
[info] ✔  functions[api]: http function initialized (http://localhost:5001/ici-drive/us-central1/api).
[info] ✔  emulators: All emulators started, it is now safe to connect.
[debug] [2020-05-16T07:39:33.302Z] [worker-~diagnostic~-e759ffb8-8b48-44d9-a306-059953f1f45e]: IDLE 
[debug] [2020-05-16T07:39:41.674Z] [work-queue] {"queueLength":1,"workRunningCount":0}
[debug] [2020-05-16T07:39:41.675Z] [work-queue] {"queueLength":0,"workRunningCount":1}
[debug] [2020-05-16T07:39:41.676Z] Accepted request POST /ici-drive/us-central1/api/api/admin/makers/self/products/ --> api
[debug] [2020-05-16T07:39:41.686Z] [worker-pool] addWorker(api) 
[debug] [2020-05-16T07:39:41.687Z] [worker-pool] Adding worker with key api, total=1 
[debug] [2020-05-16T07:39:41.687Z] [worker-pool] submitWork(triggerId=api) 
[debug] [2020-05-16T07:39:41.687Z] [worker-api-1c9d3010-ce70-45bd-b842-019f30360d2b]: Assigning socketPath: /tmp/fire_emu_20052.sock 
[debug] [2020-05-16T07:39:41.687Z] [worker-api-1c9d3010-ce70-45bd-b842-019f30360d2b]: BUSY 
[debug] [2020-05-16T07:39:42.022Z] [runtime-status] [20052] Functions runtime initialized. {"cwd":"/home/florent/VisualStudioCode/ici-drive-customer-app/functions","node_version":"10.15.1"} 
[debug] [2020-05-16T07:39:42.032Z] [runtime-status] [20052] Disabled runtime features: undefined 
[debug] [2020-05-16T07:39:42.032Z] [runtime-status] [20052] Resolved module firebase-admin {"declared":true,"installed":true,"version":"8.11.0","resolution":"/home/florent/VisualStudioCode/ici-drive-customer-app/functions/node_modules/firebase-admin/lib/index.js"} 
[debug] [2020-05-16T07:39:42.032Z] [runtime-status] [20052] Resolved module firebase-functions {"declared":true,"installed":true,"version":"3.6.1","resolution":"/home/florent/VisualStudioCode/ici-drive-customer-app/functions/node_modules/firebase-functions/lib/index.js"} 
[debug] [2020-05-16T07:39:42.033Z] [runtime-status] [20052] Found local functions config: /home/florent/VisualStudioCode/ici-drive-customer-app/functions/.runtimeconfig.json 
[warn] ⚠  functions: Your GOOGLE_APPLICATION_CREDENTIALS environment variable points to /home/florent/Documents/espace_travail/ici-drive/ici-drive-946b5266ccce.json. Non-emulated services will access production using these credentials. Be careful!
[debug] [2020-05-16T07:39:42.038Z] [runtime-status] [20052] Outgoing network have been stubbed. [{"name":"http","status":"mocked"},{"name":"http","status":"mocked"},{"name":"https","status":"mocked"},{"name":"https","status":"mocked"},{"name":"net","status":"mocked"}] 
[debug] [2020-05-16T07:39:42.065Z] [runtime-status] [20052] Checked functions.config() {"config":{"elasticemail":{"url":"https://api.elasticemail.com/v2/email/send","apikey":"63FCBDF1D5FBE3BD941E9E65ACDBD39E76A61A011AD48E1979AD5BED3AD4A38FEC4BD26577EC04EAF188292A0DA8167B"},"bunnycdn":{"url":"https://storage.bunnycdn.com","apikey":"6ea9f12e-a27d-41dd-9040a884101c-2e09-4056"}}} 
[debug] [2020-05-16T07:39:42.068Z] [runtime-status] [20052] Resolved module firebase-functions {"declared":true,"installed":true,"version":"3.6.1","resolution":"/home/florent/VisualStudioCode/ici-drive-customer-app/functions/node_modules/firebase-functions/lib/index.js"} 
[debug] [2020-05-16T07:39:42.068Z] [runtime-status] [20052] Resolved module firebase-admin {"declared":true,"installed":true,"version":"8.11.0","resolution":"/home/florent/VisualStudioCode/ici-drive-customer-app/functions/node_modules/firebase-admin/lib/index.js"} 
[debug] [2020-05-16T07:39:42.070Z] [runtime-status] [20052] Resolved module firebase-functions {"declared":true,"installed":true,"version":"3.6.1","resolution":"/home/florent/VisualStudioCode/ici-drive-customer-app/functions/node_modules/firebase-functions/lib/index.js"} 
[debug] [2020-05-16T07:39:42.071Z] [runtime-status] [20052] firebase-admin has been stubbed. {"adminResolution":{"declared":true,"installed":true,"version":"8.11.0","resolution":"/home/florent/VisualStudioCode/ici-drive-customer-app/functions/node_modules/firebase-admin/lib/index.js"}} 
[debug] [2020-05-16T07:39:42.325Z] [runtime-status] [20052] config() parent accessed! {"parentKey":"elasticemail","parentConfig":{"elasticemail":{"url":"https://api.elasticemail.com/v2/email/send","apikey":"63FCBDF1D5FBE3BD941E9E65ACDBD39E76A61A011AD48E1979AD5BED3AD4A38FEC4BD26577EC04EAF188292A0DA8167B"},"bunnycdn":{"url":"https://storage.bunnycdn.com","apikey":"6ea9f12e-a27d-41dd-9040a884101c-2e09-4056"}}} 
[debug] [2020-05-16T07:39:42.326Z] [runtime-status] [20052] config() parent accessed! {"parentKey":"elasticemail","parentConfig":{"elasticemail":{"url":"https://api.elasticemail.com/v2/email/send","apikey":"63FCBDF1D5FBE3BD941E9E65ACDBD39E76A61A011AD48E1979AD5BED3AD4A38FEC4BD26577EC04EAF188292A0DA8167B"},"bunnycdn":{"url":"https://storage.bunnycdn.com","apikey":"6ea9f12e-a27d-41dd-9040a884101c-2e09-4056"}}} 
[debug] [2020-05-16T07:39:42.329Z] [runtime-status] [20052] config() parent accessed! {"parentKey":"bunnycdn","parentConfig":{"elasticemail":{"url":"https://api.elasticemail.com/v2/email/send","apikey":"63FCBDF1D5FBE3BD941E9E65ACDBD39E76A61A011AD48E1979AD5BED3AD4A38FEC4BD26577EC04EAF188292A0DA8167B"},"bunnycdn":{"url":"https://storage.bunnycdn.com","apikey":"6ea9f12e-a27d-41dd-9040a884101c-2e09-4056"}}} 
[debug] [2020-05-16T07:39:42.329Z] [runtime-status] [20052] config() parent accessed! {"parentKey":"bunnycdn","parentConfig":{"elasticemail":{"url":"https://api.elasticemail.com/v2/email/send","apikey":"63FCBDF1D5FBE3BD941E9E65ACDBD39E76A61A011AD48E1979AD5BED3AD4A38FEC4BD26577EC04EAF188292A0DA8167B"},"bunnycdn":{"url":"https://storage.bunnycdn.com","apikey":"6ea9f12e-a27d-41dd-9040a884101c-2e09-4056"}}} 
[debug] [2020-05-16T07:39:42.404Z] [runtime-status] [20052] initializeApp(DEFAULT) {"databaseURL":"https://ici-drive.firebaseio.com","storageBucket":"ici-drive.appspot.com","projectId":"ici-drive","credential":{"implicit":false,"projectId":"ici-drive","privateKey":"-----BEGIN PRIVATE KEY-----\nMIIEvQIBADANBgkqhkiG9w0BAQEFAASCBKcwggSjAgEAAoIBAQCahjjAIsD3TsGZ\nHeBwCC8wdKSrRt0cDdO8m+szftGMKTHTh7mS8ipWjcKuc3+MPhn4HDmW55oEw77u\nOMn8YIlhxapXaPNadzXu1LlUm0nerh11lAXM5/k/0i7wzPNCILCj8Homt2+E3NKn\nCLryKAvMbEu9ksqpy6z5Zarj1pKy0JtmBiZaQ4tcCPqjGCW05ZwclC8zQLwGHPLH\nkP7gcj0rfOU3Tr/t7ZirMLwz5GM33Zo142672wcnCIBlLmeIKk+7ctFnem79yJpk\nfNEU/VKTAPY9yyTJ/fHfW5al0r1De1s7HY/97Inozgk+x8ZCWRay7JFgypL/gBcS\niuWiY10fAgMBAAECggEAC66K+seF1AxxqVwvW/jabGzdCA/G5niLIc6dxNpZCCIT\nIL05g8jn93wnFB4qLdWCDBZCKkzfAW408Hh9mKVJrYkOfCY0g4nQm3oceq90sa9z\nDbD/kUKWPsNqhgzQdRbYk8Q5z9R9S0uQZ01LKMRrQ+yJ+05uINEDhiUv+qJ9m6P4\njRdwHklUfoD5Zm3+W+Nlc8bLLBq2MU6IZrfXFtek3677bCejZGdq4+98gRjMm3tI\nKoPAYM+Y/SZ62iFUy2sacPws5Kn/uyQVrvQFz3i3aka08BMjI/E7hotsuiSjEmMl\nvJgmiRqcmT3oJT0S3FAFaTSuSN1a8jTeKLTOfVQB1QKBgQDNVNL+dFZ9+A1oYbOJ\nXRodqZaj+ktJCqYD5QNt73kgm0YC3/W4C26VyBTcLjP4mljStDWSeVfDGUvHKe3i\nO/jlRyjkIeqgUOoLScwXLJSL5mZ55g8AdLXaDeHqtpInhiwn77+eaOgQlzCclP0m\nWmQECWpq+br8A4cHqyEvHFLk8wKBgQDAp9GrT0jAngKNP5cNP5mdVsqmvf1dfI0J\niKkDVGZ8eN3trPztHg5NqVkU4GS1hcgs63pnBFQ0YoD3g6HsQ3CxeGqWtOQJAPJB\nIcjKd+v/lt6t5911RTf/2tSFBf6Dcm2M2inT28xMRRxH1zlf5IBj2aJrJb4W/nZx\n4i7gWAAiJQKBgFRTiM+tsbPMQp1iupwoW0hhVJeFfJPDxsiErjLhDYrhmhAmMEDk\nmQb0g/SlGPz5To9CKVo9cViTs/ZYdvTZkm9/GQEQGM68TFJUfXfq/Bq0hdN8Mx8J\nz4F9ABIn5sBKrym7oaOKC/x8Sx+TZJ/ysW6i+0xxwWQsgrEYi+lQJY8XAoGANjXC\nqMqpdRHBNA+lqGOyDPTkFyE0zv6CDSG4NSilofa8s+lOTkZ7zdyOJXKyw+U+G22z\nRpOQQiFJmtweTwX3CukQTRHfbK0ofa1M+7Pc41GHnTW2Og5dIJBp5nh2UnR7YPvu\ncx/RD9EOkSR9j38TpYUSz8WSBJRbrdXwTM5WU0UCgYEAoQ0rX98Zv5fgIts2kz/k\n2O7Q46+Y8dmEICZ70fe0CNJ8m50SHl+U7VLnPHz3xw3NewoOww81IUi/ZYOSMfNN\n6e3Y6U66WXjJS+ipeuocUcigxLgnyaY7kfgx5saAhOC6mpGISHnMVbu3okFbgtci\ne0agWXI23HMhC95aZK2GGl0=\n-----END PRIVATE KEY-----\n","clientEmail":"ici-drive@appspot.gserviceaccount.com","httpClient":{"retry":{"maxRetries":4,"statusCodes":[503],"ioErrorCodes":["ECONNRESET","ETIMEDOUT"],"backOffFactor":0.5,"maxDelayInMillis":60000}}}} 
[warn] ⚠  functions: The Cloud Firestore emulator is not running, so calls to Firestore will affect production.
[debug] [2020-05-16T07:39:42.415Z] [runtime-status] [20052] Trigger "api" has been found, beginning invocation! 
[info] i  functions: Beginning execution of "api"
[debug] [2020-05-16T07:39:42.417Z] [runtime-status] [20052] triggerDefinition {"timeout":"300s","availableMemoryMb":256,"httpsTrigger":{},"name":"api","entryPoint":"api"} 
[debug] [2020-05-16T07:39:42.417Z] [runtime-status] [20052] Running api in mode HTTPS 
[debug] [2020-05-16T07:39:42.424Z] [runtime-status] [20052] Attempting to listen to socketPath: /tmp/fire_emu_20052.sock 
[debug] [2020-05-16T07:39:42.430Z] [functions] Runtime ready! Sending request! 
[debug] [2020-05-16T07:39:42.444Z] [runtime-status] [20052] Ephemeral server handling POST request 
[info] >  Handling file upload field file: 5568721.png (/tmp/5568721.png) {"user":"Handling file upload field file: 5568721.png (/tmp/5568721.png)"}
[debug] [2020-05-16T07:39:42.460Z] [runtime-status] [20052] Ephemeral server survived. 
[info] >  5568721.png is 34886 bytes {"user":"5568721.png is 34886 bytes"}
[warn] ⚠  Google API requested!
   - URL: "https://www.googleapis.com/oauth2/v4/token"
   - Be careful, this may be a production service.
[info] >  DEBUG [ 'removeFileOnCdn > https://icidrive.b-cdn.net/prod/0f1b5308-ec06-42f0-b7d4-57c3edf81e29.jpg' ] {"user":"DEBUG [ 'removeFileOnCdn > https://icidrive.b-cdn.net/prod/0f1b5308-ec06-42f0-b7d4-57c3edf81e29.jpg' ]"}
[info] >  [ 'removeFileOnCdn > suppression ancienne image : https://icidrive.b-cdn.net/prod/0f1b5308-ec06-42f0-b7d4-57c3edf81e29.jpg' ] {"user":"[ 'removeFileOnCdn > suppression ancienne image : https://icidrive.b-cdn.net/prod/0f1b5308-ec06-42f0-b7d4-57c3edf81e29.jpg' ]"}
[info] >  DEBUG [ 'BunnyCdn.delete > https://storage.bunnycdn.com/ici-drive/prod/0f1b5308-ec06-42f0-b7d4-57c3edf81e29.jpg' ] {"user":"DEBUG [ 'BunnyCdn.delete > https://storage.bunnycdn.com/ici-drive/prod/0f1b5308-ec06-42f0-b7d4-57c3edf81e29.jpg' ]"}
[info] >  DEBUG [ 'BunnyCDN PUT STORAGER DELETE : https://storage.bunnycdn.com/ici-drive/prod/0f1b5308-ec06-42f0-b7d4-57c3edf81e29.jpg' ] {"user":"DEBUG [ 'BunnyCDN PUT STORAGER DELETE : https://storage.bunnycdn.com/ici-drive/prod/0f1b5308-ec06-42f0-b7d4-57c3edf81e29.jpg' ]"}
[info] >  [ 'removeFileOnCdn >  suppression impossible de https://icidrive.b-cdn.net/prod/0f1b5308-ec06-42f0-b7d4-57c3edf81e29.jpg', {"user":"[ 'removeFileOnCdn >  suppression impossible de https://icidrive.b-cdn.net/prod/0f1b5308-ec06-42f0-b7d4-57c3edf81e29.jpg',"}
[info] >    { Error: Internal Server Error {"user":"  { Error: Internal Server Error"}
[info] >        at BunnyCdn.throwError (/home/florent/VisualStudioCode/ici-drive-customer-app/functions/lib/services/bunnycdn.service.js:20:23) {"user":"      at BunnyCdn.throwError (/home/florent/VisualStudioCode/ici-drive-customer-app/functions/lib/services/bunnycdn.service.js:20:23)"}
[info] >        at BunnyCdn._req (/home/florent/VisualStudioCode/ici-drive-customer-app/functions/lib/services/bunnycdn.service.js:35:25) {"user":"      at BunnyCdn._req (/home/florent/VisualStudioCode/ici-drive-customer-app/functions/lib/services/bunnycdn.service.js:35:25)"}
[info] >        at process._tickCallback (internal/process/next_tick.js:68:7) status: 500 } ] {"user":"      at process._tickCallback (internal/process/next_tick.js:68:7) status: 500 } ]"}
[info] >  DEBUG [ 'safeUploadFile > targetFilename : a2139762-0689-4720-b794-70c1cb1a003a.png' ] {"user":"DEBUG [ 'safeUploadFile > targetFilename : a2139762-0689-4720-b794-70c1cb1a003a.png' ]"}
[info] >  DEBUG [ 'BunnyCdn.upload > https://storage.bunnycdn.com/ici-drive/products-prod/a2139762-0689-4720-b794-70c1cb1a003a.png' ] {"user":"DEBUG [ 'BunnyCdn.upload > https://storage.bunnycdn.com/ici-drive/products-prod/a2139762-0689-4720-b794-70c1cb1a003a.png' ]"}
[info] >  DEBUG [ 'BunnyCDN PUT STORAGER PUT : https://storage.bunnycdn.com/ici-drive/products-prod/a2139762-0689-4720-b794-70c1cb1a003a.png' ] {"user":"DEBUG [ 'BunnyCDN PUT STORAGER PUT : https://storage.bunnycdn.com/ici-drive/products-prod/a2139762-0689-4720-b794-70c1cb1a003a.png' ]"}
[info] >  DEBUG [ 'safeUploadFile > target image url : https://icidrive.b-cdn.net/products-prod/a2139762-0689-4720-b794-70c1cb1a003a.png' ] {"user":"DEBUG [ 'safeUploadFile > target image url : https://icidrive.b-cdn.net/products-prod/a2139762-0689-4720-b794-70c1cb1a003a.png' ]"}
[info] >  DEBUG [ 'TODO add in-app notif for addProduct' ] {"user":"DEBUG [ 'TODO add in-app notif for addProduct' ]"}
[info] i  functions: Finished "api" in ~1s
[debug] [2020-05-16T07:39:43.608Z] [worker-api-1c9d3010-ce70-45bd-b842-019f30360d2b]: IDLE 
[debug] [2020-05-16T07:39:43.608Z] [work-queue] {"queueLength":0,"workRunningCount":0}
[debug] [2020-05-16T07:39:51.964Z] [work-queue] {"queueLength":1,"workRunningCount":0}
[debug] [2020-05-16T07:39:51.964Z] [work-queue] {"queueLength":0,"workRunningCount":1}
[debug] [2020-05-16T07:39:51.964Z] Accepted request DELETE /ici-drive/us-central1/api/api/admin/makers/self/products/REF_ssssssss --> api
[debug] [2020-05-16T07:39:51.964Z] [worker-pool] submitWork(triggerId=api) 
[debug] [2020-05-16T07:39:51.964Z] [worker-api-1c9d3010-ce70-45bd-b842-019f30360d2b]: Assigning socketPath: /tmp/fire_emu_20052.sock 
[debug] [2020-05-16T07:39:51.965Z] [worker-api-1c9d3010-ce70-45bd-b842-019f30360d2b]: BUSY 
[debug] [2020-05-16T07:39:51.969Z] [runtime-status] [20052] Trigger "api" has been found, beginning invocation! 
[info] i  functions: Beginning execution of "api"
[debug] [2020-05-16T07:39:51.969Z] [runtime-status] [20052] triggerDefinition {"timeout":"300s","availableMemoryMb":256,"httpsTrigger":{},"name":"api","entryPoint":"api"} 
[debug] [2020-05-16T07:39:51.969Z] [runtime-status] [20052] Running api in mode HTTPS 
[debug] [2020-05-16T07:39:51.969Z] [runtime-status] [20052] Attempting to listen to socketPath: /tmp/fire_emu_20052.sock 
[debug] [2020-05-16T07:39:51.971Z] [functions] Runtime ready! Sending request! 
[debug] [2020-05-16T07:39:51.976Z] [runtime-status] [20052] Ephemeral server handling DELETE request 
[debug] [2020-05-16T07:39:51.977Z] [runtime-status] [20052] Ephemeral server survived. 
[info] >  [ 'deleteProduct > ref:REF_ssssssss' ] {"user":"[ 'deleteProduct > ref:REF_ssssssss' ]"}
[info] >  DEBUG [ 'product (https://icidrive.b-cdn.net/products-prod/a2139762-0689-4720-b794-70c1cb1a003a.png){"bio":false,"description":"qsdfjk:lm!","categoryId":"fruit-leg","available":true,"topOfList":true,"volume":0,"maxInCart":10,"weight":0,"image":"https://icidrive.b-cdn.net/products-prod/a2139762-0689-4720-b794-70c1cb1a003a.png","label":"azertyuio","ref":"REF_ssssssss","price":3.2}' ] {"user":"DEBUG [ 'product (https://icidrive.b-cdn.net/products-prod/a2139762-0689-4720-b794-70c1cb1a003a.png){\"bio\":false,\"description\":\"qsdfjk:lm!\",\"categoryId\":\"fruit-leg\",\"available\":true,\"topOfList\":true,\"volume\":0,\"maxInCart\":10,\"weight\":0,\"image\":\"https://icidrive.b-cdn.net/products-prod/a2139762-0689-4720-b794-70c1cb1a003a.png\",\"label\":\"azertyuio\",\"ref\":\"REF_ssssssss\",\"price\":3.2}' ]"}
[info] >  DEBUG [ 'call removeFileOnCdn with https://icidrive.b-cdn.net/products-prod/a2139762-0689-4720-b794-70c1cb1a003a.png' ] {"user":"DEBUG [ 'call removeFileOnCdn with https://icidrive.b-cdn.net/products-prod/a2139762-0689-4720-b794-70c1cb1a003a.png' ]"}
[info] >  DEBUG [ 'removeFileOnCdn > https://icidrive.b-cdn.net/products-prod/a2139762-0689-4720-b794-70c1cb1a003a.png' ] {"user":"DEBUG [ 'removeFileOnCdn > https://icidrive.b-cdn.net/products-prod/a2139762-0689-4720-b794-70c1cb1a003a.png' ]"}
[info] >  [ 'removeFileOnCdn > suppression ancienne image : https://icidrive.b-cdn.net/products-prod/a2139762-0689-4720-b794-70c1cb1a003a.png' ] {"user":"[ 'removeFileOnCdn > suppression ancienne image : https://icidrive.b-cdn.net/products-prod/a2139762-0689-4720-b794-70c1cb1a003a.png' ]"}
[info] >  DEBUG [ 'BunnyCdn.delete > https://storage.bunnycdn.com/ici-drive/products-prod/a2139762-0689-4720-b794-70c1cb1a003a.png' ] {"user":"DEBUG [ 'BunnyCdn.delete > https://storage.bunnycdn.com/ici-drive/products-prod/a2139762-0689-4720-b794-70c1cb1a003a.png' ]"}
[info] >  DEBUG [ 'BunnyCDN PUT STORAGER DELETE : https://storage.bunnycdn.com/ici-drive/products-prod/a2139762-0689-4720-b794-70c1cb1a003a.png' ] {"user":"DEBUG [ 'BunnyCDN PUT STORAGER DELETE : https://storage.bunnycdn.com/ici-drive/products-prod/a2139762-0689-4720-b794-70c1cb1a003a.png' ]"}
[info] i  functions: Finished "api" in ~1s
[debug] [2020-05-16T07:39:52.515Z] [worker-api-1c9d3010-ce70-45bd-b842-019f30360d2b]: IDLE 
[debug] [2020-05-16T07:39:52.515Z] [work-queue] {"queueLength":0,"workRunningCount":0}
[debug] [2020-05-16T07:40:14.419Z] File /home/florent/VisualStudioCode/ici-drive-customer-app/functions/src/resources/admin-maker.resource.ts changed, reloading triggers 
[debug] [2020-05-16T07:40:15.420Z] [worker-pool] Shutting down IDLE worker (~diagnostic~) 
[debug] [2020-05-16T07:40:15.421Z] [worker-~diagnostic~-e759ffb8-8b48-44d9-a306-059953f1f45e]: FINISHING 
[debug] [2020-05-16T07:40:15.421Z] [worker-pool] Shutting down IDLE worker (api) 
[debug] [2020-05-16T07:40:15.422Z] [worker-api-1c9d3010-ce70-45bd-b842-019f30360d2b]: FINISHING 
[debug] [2020-05-16T07:40:15.438Z] [worker-pool] addWorker(~diagnostic~) 
[debug] [2020-05-16T07:40:15.438Z] [worker-pool] Adding worker with key ~diagnostic~, total=2 
[debug] [2020-05-16T07:40:15.438Z] [worker-pool] submitWork(triggerId=) 
[debug] [2020-05-16T07:40:15.439Z] [worker-~diagnostic~-c6b20816-f594-48d9-ae82-57f5c5336a9e]: Assigning socketPath: /tmp/fire_emu_20118.sock 
[debug] [2020-05-16T07:40:15.439Z] [worker-~diagnostic~-c6b20816-f594-48d9-ae82-57f5c5336a9e]: BUSY 
[debug] [2020-05-16T07:40:15.441Z] [worker-~diagnostic~-e759ffb8-8b48-44d9-a306-059953f1f45e]: exited 
[debug] [2020-05-16T07:40:15.441Z] [worker-~diagnostic~-e759ffb8-8b48-44d9-a306-059953f1f45e]: FINISHED 
[debug] [2020-05-16T07:40:15.442Z] [worker-api-1c9d3010-ce70-45bd-b842-019f30360d2b]: exited 
[debug] [2020-05-16T07:40:15.442Z] [worker-api-1c9d3010-ce70-45bd-b842-019f30360d2b]: FINISHED 
[debug] [2020-05-16T07:40:15.854Z] [runtime-status] [20118] Functions runtime initialized. {"cwd":"/home/florent/VisualStudioCode/ici-drive-customer-app/functions","node_version":"10.15.1"} 
[debug] [2020-05-16T07:40:15.858Z] [runtime-status] [20118] Disabled runtime features: undefined 
[debug] [2020-05-16T07:40:15.861Z] [runtime-status] [20118] Resolved module firebase-admin {"declared":true,"installed":true,"version":"8.11.0","resolution":"/home/florent/VisualStudioCode/ici-drive-customer-app/functions/node_modules/firebase-admin/lib/index.js"} 
[debug] [2020-05-16T07:40:15.863Z] [runtime-status] [20118] Resolved module firebase-functions {"declared":true,"installed":true,"version":"3.6.1","resolution":"/home/florent/VisualStudioCode/ici-drive-customer-app/functions/node_modules/firebase-functions/lib/index.js"} 
[debug] [2020-05-16T07:40:15.864Z] [runtime-status] [20118] Found local functions config: /home/florent/VisualStudioCode/ici-drive-customer-app/functions/.runtimeconfig.json 
[warn] ⚠  functions: Your GOOGLE_APPLICATION_CREDENTIALS environment variable points to /home/florent/Documents/espace_travail/ici-drive/ici-drive-946b5266ccce.json. Non-emulated services will access production using these credentials. Be careful!
[debug] [2020-05-16T07:40:15.871Z] [runtime-status] [20118] Outgoing network have been stubbed. [{"name":"http","status":"mocked"},{"name":"http","status":"mocked"},{"name":"https","status":"mocked"},{"name":"https","status":"mocked"},{"name":"net","status":"mocked"}] 
[debug] [2020-05-16T07:40:15.911Z] [runtime-status] [20118] Checked functions.config() {"config":{"elasticemail":{"url":"https://api.elasticemail.com/v2/email/send","apikey":"63FCBDF1D5FBE3BD941E9E65ACDBD39E76A61A011AD48E1979AD5BED3AD4A38FEC4BD26577EC04EAF188292A0DA8167B"},"bunnycdn":{"url":"https://storage.bunnycdn.com","apikey":"6ea9f12e-a27d-41dd-9040a884101c-2e09-4056"}}} 
[debug] [2020-05-16T07:40:15.914Z] [runtime-status] [20118] Resolved module firebase-functions {"declared":true,"installed":true,"version":"3.6.1","resolution":"/home/florent/VisualStudioCode/ici-drive-customer-app/functions/node_modules/firebase-functions/lib/index.js"} 
[debug] [2020-05-16T07:40:15.914Z] [runtime-status] [20118] Resolved module firebase-admin {"declared":true,"installed":true,"version":"8.11.0","resolution":"/home/florent/VisualStudioCode/ici-drive-customer-app/functions/node_modules/firebase-admin/lib/index.js"} 
[debug] [2020-05-16T07:40:15.915Z] [runtime-status] [20118] Resolved module firebase-functions {"declared":true,"installed":true,"version":"3.6.1","resolution":"/home/florent/VisualStudioCode/ici-drive-customer-app/functions/node_modules/firebase-functions/lib/index.js"} 
[debug] [2020-05-16T07:40:15.915Z] [runtime-status] [20118] firebase-admin has been stubbed. {"adminResolution":{"declared":true,"installed":true,"version":"8.11.0","resolution":"/home/florent/VisualStudioCode/ici-drive-customer-app/functions/node_modules/firebase-admin/lib/index.js"}} 
[debug] [2020-05-16T07:40:16.244Z] [runtime-status] [20118] config() parent accessed! {"parentKey":"elasticemail","parentConfig":{"elasticemail":{"url":"https://api.elasticemail.com/v2/email/send","apikey":"63FCBDF1D5FBE3BD941E9E65ACDBD39E76A61A011AD48E1979AD5BED3AD4A38FEC4BD26577EC04EAF188292A0DA8167B"},"bunnycdn":{"url":"https://storage.bunnycdn.com","apikey":"6ea9f12e-a27d-41dd-9040a884101c-2e09-4056"}}} 
[debug] [2020-05-16T07:40:16.244Z] [runtime-status] [20118] config() parent accessed! {"parentKey":"elasticemail","parentConfig":{"elasticemail":{"url":"https://api.elasticemail.com/v2/email/send","apikey":"63FCBDF1D5FBE3BD941E9E65ACDBD39E76A61A011AD48E1979AD5BED3AD4A38FEC4BD26577EC04EAF188292A0DA8167B"},"bunnycdn":{"url":"https://storage.bunnycdn.com","apikey":"6ea9f12e-a27d-41dd-9040a884101c-2e09-4056"}}} 
[debug] [2020-05-16T07:40:16.247Z] [runtime-status] [20118] config() parent accessed! {"parentKey":"bunnycdn","parentConfig":{"elasticemail":{"url":"https://api.elasticemail.com/v2/email/send","apikey":"63FCBDF1D5FBE3BD941E9E65ACDBD39E76A61A011AD48E1979AD5BED3AD4A38FEC4BD26577EC04EAF188292A0DA8167B"},"bunnycdn":{"url":"https://storage.bunnycdn.com","apikey":"6ea9f12e-a27d-41dd-9040a884101c-2e09-4056"}}} 
[debug] [2020-05-16T07:40:16.247Z] [runtime-status] [20118] config() parent accessed! {"parentKey":"bunnycdn","parentConfig":{"elasticemail":{"url":"https://api.elasticemail.com/v2/email/send","apikey":"63FCBDF1D5FBE3BD941E9E65ACDBD39E76A61A011AD48E1979AD5BED3AD4A38FEC4BD26577EC04EAF188292A0DA8167B"},"bunnycdn":{"url":"https://storage.bunnycdn.com","apikey":"6ea9f12e-a27d-41dd-9040a884101c-2e09-4056"}}} 
[debug] [2020-05-16T07:40:16.343Z] [runtime-status] [20118] initializeApp(DEFAULT) {"databaseURL":"https://ici-drive.firebaseio.com","storageBucket":"ici-drive.appspot.com","projectId":"ici-drive","credential":{"implicit":false,"projectId":"ici-drive","privateKey":"-----BEGIN PRIVATE KEY-----\nMIIEvQIBADANBgkqhkiG9w0BAQEFAASCBKcwggSjAgEAAoIBAQCahjjAIsD3TsGZ\nHeBwCC8wdKSrRt0cDdO8m+szftGMKTHTh7mS8ipWjcKuc3+MPhn4HDmW55oEw77u\nOMn8YIlhxapXaPNadzXu1LlUm0nerh11lAXM5/k/0i7wzPNCILCj8Homt2+E3NKn\nCLryKAvMbEu9ksqpy6z5Zarj1pKy0JtmBiZaQ4tcCPqjGCW05ZwclC8zQLwGHPLH\nkP7gcj0rfOU3Tr/t7ZirMLwz5GM33Zo142672wcnCIBlLmeIKk+7ctFnem79yJpk\nfNEU/VKTAPY9yyTJ/fHfW5al0r1De1s7HY/97Inozgk+x8ZCWRay7JFgypL/gBcS\niuWiY10fAgMBAAECggEAC66K+seF1AxxqVwvW/jabGzdCA/G5niLIc6dxNpZCCIT\nIL05g8jn93wnFB4qLdWCDBZCKkzfAW408Hh9mKVJrYkOfCY0g4nQm3oceq90sa9z\nDbD/kUKWPsNqhgzQdRbYk8Q5z9R9S0uQZ01LKMRrQ+yJ+05uINEDhiUv+qJ9m6P4\njRdwHklUfoD5Zm3+W+Nlc8bLLBq2MU6IZrfXFtek3677bCejZGdq4+98gRjMm3tI\nKoPAYM+Y/SZ62iFUy2sacPws5Kn/uyQVrvQFz3i3aka08BMjI/E7hotsuiSjEmMl\nvJgmiRqcmT3oJT0S3FAFaTSuSN1a8jTeKLTOfVQB1QKBgQDNVNL+dFZ9+A1oYbOJ\nXRodqZaj+ktJCqYD5QNt73kgm0YC3/W4C26VyBTcLjP4mljStDWSeVfDGUvHKe3i\nO/jlRyjkIeqgUOoLScwXLJSL5mZ55g8AdLXaDeHqtpInhiwn77+eaOgQlzCclP0m\nWmQECWpq+br8A4cHqyEvHFLk8wKBgQDAp9GrT0jAngKNP5cNP5mdVsqmvf1dfI0J\niKkDVGZ8eN3trPztHg5NqVkU4GS1hcgs63pnBFQ0YoD3g6HsQ3CxeGqWtOQJAPJB\nIcjKd+v/lt6t5911RTf/2tSFBf6Dcm2M2inT28xMRRxH1zlf5IBj2aJrJb4W/nZx\n4i7gWAAiJQKBgFRTiM+tsbPMQp1iupwoW0hhVJeFfJPDxsiErjLhDYrhmhAmMEDk\nmQb0g/SlGPz5To9CKVo9cViTs/ZYdvTZkm9/GQEQGM68TFJUfXfq/Bq0hdN8Mx8J\nz4F9ABIn5sBKrym7oaOKC/x8Sx+TZJ/ysW6i+0xxwWQsgrEYi+lQJY8XAoGANjXC\nqMqpdRHBNA+lqGOyDPTkFyE0zv6CDSG4NSilofa8s+lOTkZ7zdyOJXKyw+U+G22z\nRpOQQiFJmtweTwX3CukQTRHfbK0ofa1M+7Pc41GHnTW2Og5dIJBp5nh2UnR7YPvu\ncx/RD9EOkSR9j38TpYUSz8WSBJRbrdXwTM5WU0UCgYEAoQ0rX98Zv5fgIts2kz/k\n2O7Q46+Y8dmEICZ70fe0CNJ8m50SHl+U7VLnPHz3xw3NewoOww81IUi/ZYOSMfNN\n6e3Y6U66WXjJS+ipeuocUcigxLgnyaY7kfgx5saAhOC6mpGISHnMVbu3okFbgtci\ne0agWXI23HMhC95aZK2GGl0=\n-----END PRIVATE KEY-----\n","clientEmail":"ici-drive@appspot.gserviceaccount.com","httpClient":{"retry":{"maxRetries":4,"statusCodes":[503],"ioErrorCodes":["ECONNRESET","ETIMEDOUT"],"backOffFactor":0.5,"maxDelayInMillis":60000}}}} 
[warn] ⚠  functions: The Cloud Firestore emulator is not running, so calls to Firestore will affect production.
[debug] [2020-05-16T07:40:16.356Z] [worker-~diagnostic~-c6b20816-f594-48d9-ae82-57f5c5336a9e]: IDLE 
[debug] [2020-05-16T07:40:17.688Z] File /home/florent/VisualStudioCode/ici-drive-customer-app/functions/src/resources/admin-maker.resource.ts changed, reloading triggers 
[debug] [2020-05-16T07:40:18.689Z] [worker-pool] Shutting down IDLE worker (~diagnostic~) 
[debug] [2020-05-16T07:40:18.689Z] [worker-~diagnostic~-c6b20816-f594-48d9-ae82-57f5c5336a9e]: FINISHING 
[debug] [2020-05-16T07:40:18.689Z] [worker-pool] Cleaned up workers for ~diagnostic~: 2 --> 1 
[debug] [2020-05-16T07:40:18.690Z] [worker-pool] Cleaned up workers for api: 1 --> 0 
[debug] [2020-05-16T07:40:18.705Z] [worker-pool] addWorker(~diagnostic~) 
[debug] [2020-05-16T07:40:18.706Z] [worker-pool] Adding worker with key ~diagnostic~, total=2 
[debug] [2020-05-16T07:40:18.706Z] [worker-pool] submitWork(triggerId=) 
[debug] [2020-05-16T07:40:18.706Z] [worker-~diagnostic~-4049ee49-1280-4978-8285-6ee8f0c01aee]: Assigning socketPath: /tmp/fire_emu_20136.sock 
[debug] [2020-05-16T07:40:18.706Z] [worker-~diagnostic~-4049ee49-1280-4978-8285-6ee8f0c01aee]: BUSY 
[debug] [2020-05-16T07:40:18.708Z] [worker-~diagnostic~-c6b20816-f594-48d9-ae82-57f5c5336a9e]: exited 
[debug] [2020-05-16T07:40:18.708Z] [worker-~diagnostic~-c6b20816-f594-48d9-ae82-57f5c5336a9e]: FINISHED 
[debug] [2020-05-16T07:40:19.032Z] [runtime-status] [20136] Functions runtime initialized. {"cwd":"/home/florent/VisualStudioCode/ici-drive-customer-app/functions","node_version":"10.15.1"} 
[debug] [2020-05-16T07:40:19.035Z] [runtime-status] [20136] Disabled runtime features: undefined 
[debug] [2020-05-16T07:40:19.038Z] [runtime-status] [20136] Resolved module firebase-admin {"declared":true,"installed":true,"version":"8.11.0","resolution":"/home/florent/VisualStudioCode/ici-drive-customer-app/functions/node_modules/firebase-admin/lib/index.js"} 
[debug] [2020-05-16T07:40:19.040Z] [runtime-status] [20136] Resolved module firebase-functions {"declared":true,"installed":true,"version":"3.6.1","resolution":"/home/florent/VisualStudioCode/ici-drive-customer-app/functions/node_modules/firebase-functions/lib/index.js"} 
[debug] [2020-05-16T07:40:19.041Z] [runtime-status] [20136] Found local functions config: /home/florent/VisualStudioCode/ici-drive-customer-app/functions/.runtimeconfig.json 
[warn] ⚠  functions: Your GOOGLE_APPLICATION_CREDENTIALS environment variable points to /home/florent/Documents/espace_travail/ici-drive/ici-drive-946b5266ccce.json. Non-emulated services will access production using these credentials. Be careful!
[debug] [2020-05-16T07:40:19.046Z] [runtime-status] [20136] Outgoing network have been stubbed. [{"name":"http","status":"mocked"},{"name":"http","status":"mocked"},{"name":"https","status":"mocked"},{"name":"https","status":"mocked"},{"name":"net","status":"mocked"}] 
[debug] [2020-05-16T07:40:19.074Z] [runtime-status] [20136] Checked functions.config() {"config":{"elasticemail":{"url":"https://api.elasticemail.com/v2/email/send","apikey":"63FCBDF1D5FBE3BD941E9E65ACDBD39E76A61A011AD48E1979AD5BED3AD4A38FEC4BD26577EC04EAF188292A0DA8167B"},"bunnycdn":{"url":"https://storage.bunnycdn.com","apikey":"6ea9f12e-a27d-41dd-9040a884101c-2e09-4056"}}} 
[debug] [2020-05-16T07:40:19.076Z] [runtime-status] [20136] Resolved module firebase-functions {"declared":true,"installed":true,"version":"3.6.1","resolution":"/home/florent/VisualStudioCode/ici-drive-customer-app/functions/node_modules/firebase-functions/lib/index.js"} 
[debug] [2020-05-16T07:40:19.077Z] [runtime-status] [20136] Resolved module firebase-admin {"declared":true,"installed":true,"version":"8.11.0","resolution":"/home/florent/VisualStudioCode/ici-drive-customer-app/functions/node_modules/firebase-admin/lib/index.js"} 
[debug] [2020-05-16T07:40:19.078Z] [runtime-status] [20136] Resolved module firebase-functions {"declared":true,"installed":true,"version":"3.6.1","resolution":"/home/florent/VisualStudioCode/ici-drive-customer-app/functions/node_modules/firebase-functions/lib/index.js"} 
[debug] [2020-05-16T07:40:19.079Z] [runtime-status] [20136] firebase-admin has been stubbed. {"adminResolution":{"declared":true,"installed":true,"version":"8.11.0","resolution":"/home/florent/VisualStudioCode/ici-drive-customer-app/functions/node_modules/firebase-admin/lib/index.js"}} 
[debug] [2020-05-16T07:40:19.342Z] [runtime-status] [20136] config() parent accessed! {"parentKey":"elasticemail","parentConfig":{"elasticemail":{"url":"https://api.elasticemail.com/v2/email/send","apikey":"63FCBDF1D5FBE3BD941E9E65ACDBD39E76A61A011AD48E1979AD5BED3AD4A38FEC4BD26577EC04EAF188292A0DA8167B"},"bunnycdn":{"url":"https://storage.bunnycdn.com","apikey":"6ea9f12e-a27d-41dd-9040a884101c-2e09-4056"}}} 
[debug] [2020-05-16T07:40:19.343Z] [runtime-status] [20136] config() parent accessed! {"parentKey":"elasticemail","parentConfig":{"elasticemail":{"url":"https://api.elasticemail.com/v2/email/send","apikey":"63FCBDF1D5FBE3BD941E9E65ACDBD39E76A61A011AD48E1979AD5BED3AD4A38FEC4BD26577EC04EAF188292A0DA8167B"},"bunnycdn":{"url":"https://storage.bunnycdn.com","apikey":"6ea9f12e-a27d-41dd-9040a884101c-2e09-4056"}}} 
[debug] [2020-05-16T07:40:19.346Z] [runtime-status] [20136] config() parent accessed! {"parentKey":"bunnycdn","parentConfig":{"elasticemail":{"url":"https://api.elasticemail.com/v2/email/send","apikey":"63FCBDF1D5FBE3BD941E9E65ACDBD39E76A61A011AD48E1979AD5BED3AD4A38FEC4BD26577EC04EAF188292A0DA8167B"},"bunnycdn":{"url":"https://storage.bunnycdn.com","apikey":"6ea9f12e-a27d-41dd-9040a884101c-2e09-4056"}}} 
[debug] [2020-05-16T07:40:19.346Z] [runtime-status] [20136] config() parent accessed! {"parentKey":"bunnycdn","parentConfig":{"elasticemail":{"url":"https://api.elasticemail.com/v2/email/send","apikey":"63FCBDF1D5FBE3BD941E9E65ACDBD39E76A61A011AD48E1979AD5BED3AD4A38FEC4BD26577EC04EAF188292A0DA8167B"},"bunnycdn":{"url":"https://storage.bunnycdn.com","apikey":"6ea9f12e-a27d-41dd-9040a884101c-2e09-4056"}}} 
[debug] [2020-05-16T07:40:19.431Z] [runtime-status] [20136] initializeApp(DEFAULT) {"databaseURL":"https://ici-drive.firebaseio.com","storageBucket":"ici-drive.appspot.com","projectId":"ici-drive","credential":{"implicit":false,"projectId":"ici-drive","privateKey":"-----BEGIN PRIVATE KEY-----\nMIIEvQIBADANBgkqhkiG9w0BAQEFAASCBKcwggSjAgEAAoIBAQCahjjAIsD3TsGZ\nHeBwCC8wdKSrRt0cDdO8m+szftGMKTHTh7mS8ipWjcKuc3+MPhn4HDmW55oEw77u\nOMn8YIlhxapXaPNadzXu1LlUm0nerh11lAXM5/k/0i7wzPNCILCj8Homt2+E3NKn\nCLryKAvMbEu9ksqpy6z5Zarj1pKy0JtmBiZaQ4tcCPqjGCW05ZwclC8zQLwGHPLH\nkP7gcj0rfOU3Tr/t7ZirMLwz5GM33Zo142672wcnCIBlLmeIKk+7ctFnem79yJpk\nfNEU/VKTAPY9yyTJ/fHfW5al0r1De1s7HY/97Inozgk+x8ZCWRay7JFgypL/gBcS\niuWiY10fAgMBAAECggEAC66K+seF1AxxqVwvW/jabGzdCA/G5niLIc6dxNpZCCIT\nIL05g8jn93wnFB4qLdWCDBZCKkzfAW408Hh9mKVJrYkOfCY0g4nQm3oceq90sa9z\nDbD/kUKWPsNqhgzQdRbYk8Q5z9R9S0uQZ01LKMRrQ+yJ+05uINEDhiUv+qJ9m6P4\njRdwHklUfoD5Zm3+W+Nlc8bLLBq2MU6IZrfXFtek3677bCejZGdq4+98gRjMm3tI\nKoPAYM+Y/SZ62iFUy2sacPws5Kn/uyQVrvQFz3i3aka08BMjI/E7hotsuiSjEmMl\nvJgmiRqcmT3oJT0S3FAFaTSuSN1a8jTeKLTOfVQB1QKBgQDNVNL+dFZ9+A1oYbOJ\nXRodqZaj+ktJCqYD5QNt73kgm0YC3/W4C26VyBTcLjP4mljStDWSeVfDGUvHKe3i\nO/jlRyjkIeqgUOoLScwXLJSL5mZ55g8AdLXaDeHqtpInhiwn77+eaOgQlzCclP0m\nWmQECWpq+br8A4cHqyEvHFLk8wKBgQDAp9GrT0jAngKNP5cNP5mdVsqmvf1dfI0J\niKkDVGZ8eN3trPztHg5NqVkU4GS1hcgs63pnBFQ0YoD3g6HsQ3CxeGqWtOQJAPJB\nIcjKd+v/lt6t5911RTf/2tSFBf6Dcm2M2inT28xMRRxH1zlf5IBj2aJrJb4W/nZx\n4i7gWAAiJQKBgFRTiM+tsbPMQp1iupwoW0hhVJeFfJPDxsiErjLhDYrhmhAmMEDk\nmQb0g/SlGPz5To9CKVo9cViTs/ZYdvTZkm9/GQEQGM68TFJUfXfq/Bq0hdN8Mx8J\nz4F9ABIn5sBKrym7oaOKC/x8Sx+TZJ/ysW6i+0xxwWQsgrEYi+lQJY8XAoGANjXC\nqMqpdRHBNA+lqGOyDPTkFyE0zv6CDSG4NSilofa8s+lOTkZ7zdyOJXKyw+U+G22z\nRpOQQiFJmtweTwX3CukQTRHfbK0ofa1M+7Pc41GHnTW2Og5dIJBp5nh2UnR7YPvu\ncx/RD9EOkSR9j38TpYUSz8WSBJRbrdXwTM5WU0UCgYEAoQ0rX98Zv5fgIts2kz/k\n2O7Q46+Y8dmEICZ70fe0CNJ8m50SHl+U7VLnPHz3xw3NewoOww81IUi/ZYOSMfNN\n6e3Y6U66WXjJS+ipeuocUcigxLgnyaY7kfgx5saAhOC6mpGISHnMVbu3okFbgtci\ne0agWXI23HMhC95aZK2GGl0=\n-----END PRIVATE KEY-----\n","clientEmail":"ici-drive@appspot.gserviceaccount.com","httpClient":{"retry":{"maxRetries":4,"statusCodes":[503],"ioErrorCodes":["ECONNRESET","ETIMEDOUT"],"backOffFactor":0.5,"maxDelayInMillis":60000}}}} 
[warn] ⚠  functions: The Cloud Firestore emulator is not running, so calls to Firestore will affect production.
[debug] [2020-05-16T07:40:19.445Z] [worker-~diagnostic~-4049ee49-1280-4978-8285-6ee8f0c01aee]: IDLE 
[debug] [2020-05-16T07:40:28.364Z] File /home/florent/VisualStudioCode/ici-drive-customer-app/functions/src/resources/admin-maker.resource.ts changed, reloading triggers 
[debug] [2020-05-16T07:40:29.364Z] [worker-pool] Shutting down IDLE worker (~diagnostic~) 
[debug] [2020-05-16T07:40:29.365Z] [worker-~diagnostic~-4049ee49-1280-4978-8285-6ee8f0c01aee]: FINISHING 
[debug] [2020-05-16T07:40:29.365Z] [worker-pool] Cleaned up workers for ~diagnostic~: 2 --> 1 
[debug] [2020-05-16T07:40:29.380Z] [worker-pool] addWorker(~diagnostic~) 
[debug] [2020-05-16T07:40:29.381Z] [worker-pool] Adding worker with key ~diagnostic~, total=2 
[debug] [2020-05-16T07:40:29.381Z] [worker-pool] submitWork(triggerId=) 
[debug] [2020-05-16T07:40:29.381Z] [worker-~diagnostic~-9b7c803a-9a2f-4164-87aa-d1093dc413cf]: Assigning socketPath: /tmp/fire_emu_20156.sock 
[debug] [2020-05-16T07:40:29.381Z] [worker-~diagnostic~-9b7c803a-9a2f-4164-87aa-d1093dc413cf]: BUSY 
[debug] [2020-05-16T07:40:29.383Z] [worker-~diagnostic~-4049ee49-1280-4978-8285-6ee8f0c01aee]: exited 
[debug] [2020-05-16T07:40:29.383Z] [worker-~diagnostic~-4049ee49-1280-4978-8285-6ee8f0c01aee]: FINISHED 
[debug] [2020-05-16T07:40:29.751Z] [runtime-status] [20156] Functions runtime initialized. {"cwd":"/home/florent/VisualStudioCode/ici-drive-customer-app/functions","node_version":"10.15.1"} 
[debug] [2020-05-16T07:40:29.753Z] [runtime-status] [20156] Disabled runtime features: undefined 
[debug] [2020-05-16T07:40:29.756Z] [runtime-status] [20156] Resolved module firebase-admin {"declared":true,"installed":true,"version":"8.11.0","resolution":"/home/florent/VisualStudioCode/ici-drive-customer-app/functions/node_modules/firebase-admin/lib/index.js"} 
[debug] [2020-05-16T07:40:29.758Z] [runtime-status] [20156] Resolved module firebase-functions {"declared":true,"installed":true,"version":"3.6.1","resolution":"/home/florent/VisualStudioCode/ici-drive-customer-app/functions/node_modules/firebase-functions/lib/index.js"} 
[debug] [2020-05-16T07:40:29.758Z] [runtime-status] [20156] Found local functions config: /home/florent/VisualStudioCode/ici-drive-customer-app/functions/.runtimeconfig.json 
[warn] ⚠  functions: Your GOOGLE_APPLICATION_CREDENTIALS environment variable points to /home/florent/Documents/espace_travail/ici-drive/ici-drive-946b5266ccce.json. Non-emulated services will access production using these credentials. Be careful!
[debug] [2020-05-16T07:40:29.764Z] [runtime-status] [20156] Outgoing network have been stubbed. [{"name":"http","status":"mocked"},{"name":"http","status":"mocked"},{"name":"https","status":"mocked"},{"name":"https","status":"mocked"},{"name":"net","status":"mocked"}] 
[debug] [2020-05-16T07:40:29.790Z] [runtime-status] [20156] Checked functions.config() {"config":{"elasticemail":{"url":"https://api.elasticemail.com/v2/email/send","apikey":"63FCBDF1D5FBE3BD941E9E65ACDBD39E76A61A011AD48E1979AD5BED3AD4A38FEC4BD26577EC04EAF188292A0DA8167B"},"bunnycdn":{"url":"https://storage.bunnycdn.com","apikey":"6ea9f12e-a27d-41dd-9040a884101c-2e09-4056"}}} 
[debug] [2020-05-16T07:40:29.793Z] [runtime-status] [20156] Resolved module firebase-functions {"declared":true,"installed":true,"version":"3.6.1","resolution":"/home/florent/VisualStudioCode/ici-drive-customer-app/functions/node_modules/firebase-functions/lib/index.js"} 
[debug] [2020-05-16T07:40:29.793Z] [runtime-status] [20156] Resolved module firebase-admin {"declared":true,"installed":true,"version":"8.11.0","resolution":"/home/florent/VisualStudioCode/ici-drive-customer-app/functions/node_modules/firebase-admin/lib/index.js"} 
[debug] [2020-05-16T07:40:29.794Z] [runtime-status] [20156] Resolved module firebase-functions {"declared":true,"installed":true,"version":"3.6.1","resolution":"/home/florent/VisualStudioCode/ici-drive-customer-app/functions/node_modules/firebase-functions/lib/index.js"} 
[debug] [2020-05-16T07:40:29.795Z] [runtime-status] [20156] firebase-admin has been stubbed. {"adminResolution":{"declared":true,"installed":true,"version":"8.11.0","resolution":"/home/florent/VisualStudioCode/ici-drive-customer-app/functions/node_modules/firebase-admin/lib/index.js"}} 
[debug] [2020-05-16T07:40:30.064Z] [runtime-status] [20156] config() parent accessed! {"parentKey":"elasticemail","parentConfig":{"elasticemail":{"url":"https://api.elasticemail.com/v2/email/send","apikey":"63FCBDF1D5FBE3BD941E9E65ACDBD39E76A61A011AD48E1979AD5BED3AD4A38FEC4BD26577EC04EAF188292A0DA8167B"},"bunnycdn":{"url":"https://storage.bunnycdn.com","apikey":"6ea9f12e-a27d-41dd-9040a884101c-2e09-4056"}}} 
[debug] [2020-05-16T07:40:30.064Z] [runtime-status] [20156] config() parent accessed! {"parentKey":"elasticemail","parentConfig":{"elasticemail":{"url":"https://api.elasticemail.com/v2/email/send","apikey":"63FCBDF1D5FBE3BD941E9E65ACDBD39E76A61A011AD48E1979AD5BED3AD4A38FEC4BD26577EC04EAF188292A0DA8167B"},"bunnycdn":{"url":"https://storage.bunnycdn.com","apikey":"6ea9f12e-a27d-41dd-9040a884101c-2e09-4056"}}} 
[debug] [2020-05-16T07:40:30.067Z] [runtime-status] [20156] config() parent accessed! {"parentKey":"bunnycdn","parentConfig":{"elasticemail":{"url":"https://api.elasticemail.com/v2/email/send","apikey":"63FCBDF1D5FBE3BD941E9E65ACDBD39E76A61A011AD48E1979AD5BED3AD4A38FEC4BD26577EC04EAF188292A0DA8167B"},"bunnycdn":{"url":"https://storage.bunnycdn.com","apikey":"6ea9f12e-a27d-41dd-9040a884101c-2e09-4056"}}} 
[debug] [2020-05-16T07:40:30.068Z] [runtime-status] [20156] config() parent accessed! {"parentKey":"bunnycdn","parentConfig":{"elasticemail":{"url":"https://api.elasticemail.com/v2/email/send","apikey":"63FCBDF1D5FBE3BD941E9E65ACDBD39E76A61A011AD48E1979AD5BED3AD4A38FEC4BD26577EC04EAF188292A0DA8167B"},"bunnycdn":{"url":"https://storage.bunnycdn.com","apikey":"6ea9f12e-a27d-41dd-9040a884101c-2e09-4056"}}} 
[debug] [2020-05-16T07:40:30.156Z] [runtime-status] [20156] initializeApp(DEFAULT) {"databaseURL":"https://ici-drive.firebaseio.com","storageBucket":"ici-drive.appspot.com","projectId":"ici-drive","credential":{"implicit":false,"projectId":"ici-drive","privateKey":"-----BEGIN PRIVATE KEY-----\nMIIEvQIBADANBgkqhkiG9w0BAQEFAASCBKcwggSjAgEAAoIBAQCahjjAIsD3TsGZ\nHeBwCC8wdKSrRt0cDdO8m+szftGMKTHTh7mS8ipWjcKuc3+MPhn4HDmW55oEw77u\nOMn8YIlhxapXaPNadzXu1LlUm0nerh11lAXM5/k/0i7wzPNCILCj8Homt2+E3NKn\nCLryKAvMbEu9ksqpy6z5Zarj1pKy0JtmBiZaQ4tcCPqjGCW05ZwclC8zQLwGHPLH\nkP7gcj0rfOU3Tr/t7ZirMLwz5GM33Zo142672wcnCIBlLmeIKk+7ctFnem79yJpk\nfNEU/VKTAPY9yyTJ/fHfW5al0r1De1s7HY/97Inozgk+x8ZCWRay7JFgypL/gBcS\niuWiY10fAgMBAAECggEAC66K+seF1AxxqVwvW/jabGzdCA/G5niLIc6dxNpZCCIT\nIL05g8jn93wnFB4qLdWCDBZCKkzfAW408Hh9mKVJrYkOfCY0g4nQm3oceq90sa9z\nDbD/kUKWPsNqhgzQdRbYk8Q5z9R9S0uQZ01LKMRrQ+yJ+05uINEDhiUv+qJ9m6P4\njRdwHklUfoD5Zm3+W+Nlc8bLLBq2MU6IZrfXFtek3677bCejZGdq4+98gRjMm3tI\nKoPAYM+Y/SZ62iFUy2sacPws5Kn/uyQVrvQFz3i3aka08BMjI/E7hotsuiSjEmMl\nvJgmiRqcmT3oJT0S3FAFaTSuSN1a8jTeKLTOfVQB1QKBgQDNVNL+dFZ9+A1oYbOJ\nXRodqZaj+ktJCqYD5QNt73kgm0YC3/W4C26VyBTcLjP4mljStDWSeVfDGUvHKe3i\nO/jlRyjkIeqgUOoLScwXLJSL5mZ55g8AdLXaDeHqtpInhiwn77+eaOgQlzCclP0m\nWmQECWpq+br8A4cHqyEvHFLk8wKBgQDAp9GrT0jAngKNP5cNP5mdVsqmvf1dfI0J\niKkDVGZ8eN3trPztHg5NqVkU4GS1hcgs63pnBFQ0YoD3g6HsQ3CxeGqWtOQJAPJB\nIcjKd+v/lt6t5911RTf/2tSFBf6Dcm2M2inT28xMRRxH1zlf5IBj2aJrJb4W/nZx\n4i7gWAAiJQKBgFRTiM+tsbPMQp1iupwoW0hhVJeFfJPDxsiErjLhDYrhmhAmMEDk\nmQb0g/SlGPz5To9CKVo9cViTs/ZYdvTZkm9/GQEQGM68TFJUfXfq/Bq0hdN8Mx8J\nz4F9ABIn5sBKrym7oaOKC/x8Sx+TZJ/ysW6i+0xxwWQsgrEYi+lQJY8XAoGANjXC\nqMqpdRHBNA+lqGOyDPTkFyE0zv6CDSG4NSilofa8s+lOTkZ7zdyOJXKyw+U+G22z\nRpOQQiFJmtweTwX3CukQTRHfbK0ofa1M+7Pc41GHnTW2Og5dIJBp5nh2UnR7YPvu\ncx/RD9EOkSR9j38TpYUSz8WSBJRbrdXwTM5WU0UCgYEAoQ0rX98Zv5fgIts2kz/k\n2O7Q46+Y8dmEICZ70fe0CNJ8m50SHl+U7VLnPHz3xw3NewoOww81IUi/ZYOSMfNN\n6e3Y6U66WXjJS+ipeuocUcigxLgnyaY7kfgx5saAhOC6mpGISHnMVbu3okFbgtci\ne0agWXI23HMhC95aZK2GGl0=\n-----END PRIVATE KEY-----\n","clientEmail":"ici-drive@appspot.gserviceaccount.com","httpClient":{"retry":{"maxRetries":4,"statusCodes":[503],"ioErrorCodes":["ECONNRESET","ETIMEDOUT"],"backOffFactor":0.5,"maxDelayInMillis":60000}}}} 
[warn] ⚠  functions: The Cloud Firestore emulator is not running, so calls to Firestore will affect production.
[debug] [2020-05-16T07:40:30.167Z] [worker-~diagnostic~-9b7c803a-9a2f-4164-87aa-d1093dc413cf]: IDLE 
[debug] [2020-05-16T07:40:34.073Z] File /home/florent/VisualStudioCode/ici-drive-customer-app/functions/src/resources/admin-maker.resource.ts changed, reloading triggers 
[debug] [2020-05-16T07:40:35.073Z] [worker-pool] Shutting down IDLE worker (~diagnostic~) 
[debug] [2020-05-16T07:40:35.073Z] [worker-~diagnostic~-9b7c803a-9a2f-4164-87aa-d1093dc413cf]: FINISHING 
[debug] [2020-05-16T07:40:35.074Z] [worker-pool] Cleaned up workers for ~diagnostic~: 2 --> 1 
[debug] [2020-05-16T07:40:35.089Z] [worker-pool] addWorker(~diagnostic~) 
[debug] [2020-05-16T07:40:35.089Z] [worker-pool] Adding worker with key ~diagnostic~, total=2 
[debug] [2020-05-16T07:40:35.089Z] [worker-pool] submitWork(triggerId=) 
[debug] [2020-05-16T07:40:35.089Z] [worker-~diagnostic~-81cd4910-b11f-4809-9353-98e54dd8fd8e]: Assigning socketPath: /tmp/fire_emu_20185.sock 
[debug] [2020-05-16T07:40:35.089Z] [worker-~diagnostic~-81cd4910-b11f-4809-9353-98e54dd8fd8e]: BUSY 
[debug] [2020-05-16T07:40:35.091Z] [worker-~diagnostic~-9b7c803a-9a2f-4164-87aa-d1093dc413cf]: exited 
[debug] [2020-05-16T07:40:35.091Z] [worker-~diagnostic~-9b7c803a-9a2f-4164-87aa-d1093dc413cf]: FINISHED 
[debug] [2020-05-16T07:40:35.420Z] [runtime-status] [20185] Functions runtime initialized. {"cwd":"/home/florent/VisualStudioCode/ici-drive-customer-app/functions","node_version":"10.15.1"} 
[debug] [2020-05-16T07:40:35.423Z] [runtime-status] [20185] Disabled runtime features: undefined 
[debug] [2020-05-16T07:40:35.427Z] [runtime-status] [20185] Resolved module firebase-admin {"declared":true,"installed":true,"version":"8.11.0","resolution":"/home/florent/VisualStudioCode/ici-drive-customer-app/functions/node_modules/firebase-admin/lib/index.js"} 
[debug] [2020-05-16T07:40:35.430Z] [runtime-status] [20185] Resolved module firebase-functions {"declared":true,"installed":true,"version":"3.6.1","resolution":"/home/florent/VisualStudioCode/ici-drive-customer-app/functions/node_modules/firebase-functions/lib/index.js"} 
[debug] [2020-05-16T07:40:35.430Z] [runtime-status] [20185] Found local functions config: /home/florent/VisualStudioCode/ici-drive-customer-app/functions/.runtimeconfig.json 
[warn] ⚠  functions: Your GOOGLE_APPLICATION_CREDENTIALS environment variable points to /home/florent/Documents/espace_travail/ici-drive/ici-drive-946b5266ccce.json. Non-emulated services will access production using these credentials. Be careful!
[debug] [2020-05-16T07:40:35.436Z] [runtime-status] [20185] Outgoing network have been stubbed. [{"name":"http","status":"mocked"},{"name":"http","status":"mocked"},{"name":"https","status":"mocked"},{"name":"https","status":"mocked"},{"name":"net","status":"mocked"}] 
[debug] [2020-05-16T07:40:35.467Z] [runtime-status] [20185] Checked functions.config() {"config":{"elasticemail":{"url":"https://api.elasticemail.com/v2/email/send","apikey":"63FCBDF1D5FBE3BD941E9E65ACDBD39E76A61A011AD48E1979AD5BED3AD4A38FEC4BD26577EC04EAF188292A0DA8167B"},"bunnycdn":{"url":"https://storage.bunnycdn.com","apikey":"6ea9f12e-a27d-41dd-9040a884101c-2e09-4056"}}} 
[debug] [2020-05-16T07:40:35.469Z] [runtime-status] [20185] Resolved module firebase-functions {"declared":true,"installed":true,"version":"3.6.1","resolution":"/home/florent/VisualStudioCode/ici-drive-customer-app/functions/node_modules/firebase-functions/lib/index.js"} 
[debug] [2020-05-16T07:40:35.471Z] [runtime-status] [20185] Resolved module firebase-admin {"declared":true,"installed":true,"version":"8.11.0","resolution":"/home/florent/VisualStudioCode/ici-drive-customer-app/functions/node_modules/firebase-admin/lib/index.js"} 
[debug] [2020-05-16T07:40:35.471Z] [runtime-status] [20185] Resolved module firebase-functions {"declared":true,"installed":true,"version":"3.6.1","resolution":"/home/florent/VisualStudioCode/ici-drive-customer-app/functions/node_modules/firebase-functions/lib/index.js"} 
[debug] [2020-05-16T07:40:35.472Z] [runtime-status] [20185] firebase-admin has been stubbed. {"adminResolution":{"declared":true,"installed":true,"version":"8.11.0","resolution":"/home/florent/VisualStudioCode/ici-drive-customer-app/functions/node_modules/firebase-admin/lib/index.js"}} 
[debug] [2020-05-16T07:40:35.735Z] [runtime-status] [20185] config() parent accessed! {"parentKey":"elasticemail","parentConfig":{"elasticemail":{"url":"https://api.elasticemail.com/v2/email/send","apikey":"63FCBDF1D5FBE3BD941E9E65ACDBD39E76A61A011AD48E1979AD5BED3AD4A38FEC4BD26577EC04EAF188292A0DA8167B"},"bunnycdn":{"url":"https://storage.bunnycdn.com","apikey":"6ea9f12e-a27d-41dd-9040a884101c-2e09-4056"}}} 
[debug] [2020-05-16T07:40:35.736Z] [runtime-status] [20185] config() parent accessed! {"parentKey":"elasticemail","parentConfig":{"elasticemail":{"url":"https://api.elasticemail.com/v2/email/send","apikey":"63FCBDF1D5FBE3BD941E9E65ACDBD39E76A61A011AD48E1979AD5BED3AD4A38FEC4BD26577EC04EAF188292A0DA8167B"},"bunnycdn":{"url":"https://storage.bunnycdn.com","apikey":"6ea9f12e-a27d-41dd-9040a884101c-2e09-4056"}}} 
[debug] [2020-05-16T07:40:35.738Z] [runtime-status] [20185] config() parent accessed! {"parentKey":"bunnycdn","parentConfig":{"elasticemail":{"url":"https://api.elasticemail.com/v2/email/send","apikey":"63FCBDF1D5FBE3BD941E9E65ACDBD39E76A61A011AD48E1979AD5BED3AD4A38FEC4BD26577EC04EAF188292A0DA8167B"},"bunnycdn":{"url":"https://storage.bunnycdn.com","apikey":"6ea9f12e-a27d-41dd-9040a884101c-2e09-4056"}}} 
[debug] [2020-05-16T07:40:35.738Z] [runtime-status] [20185] config() parent accessed! {"parentKey":"bunnycdn","parentConfig":{"elasticemail":{"url":"https://api.elasticemail.com/v2/email/send","apikey":"63FCBDF1D5FBE3BD941E9E65ACDBD39E76A61A011AD48E1979AD5BED3AD4A38FEC4BD26577EC04EAF188292A0DA8167B"},"bunnycdn":{"url":"https://storage.bunnycdn.com","apikey":"6ea9f12e-a27d-41dd-9040a884101c-2e09-4056"}}} 
[debug] [2020-05-16T07:40:35.814Z] [runtime-status] [20185] initializeApp(DEFAULT) {"databaseURL":"https://ici-drive.firebaseio.com","storageBucket":"ici-drive.appspot.com","projectId":"ici-drive","credential":{"implicit":false,"projectId":"ici-drive","privateKey":"-----BEGIN PRIVATE KEY-----\nMIIEvQIBADANBgkqhkiG9w0BAQEFAASCBKcwggSjAgEAAoIBAQCahjjAIsD3TsGZ\nHeBwCC8wdKSrRt0cDdO8m+szftGMKTHTh7mS8ipWjcKuc3+MPhn4HDmW55oEw77u\nOMn8YIlhxapXaPNadzXu1LlUm0nerh11lAXM5/k/0i7wzPNCILCj8Homt2+E3NKn\nCLryKAvMbEu9ksqpy6z5Zarj1pKy0JtmBiZaQ4tcCPqjGCW05ZwclC8zQLwGHPLH\nkP7gcj0rfOU3Tr/t7ZirMLwz5GM33Zo142672wcnCIBlLmeIKk+7ctFnem79yJpk\nfNEU/VKTAPY9yyTJ/fHfW5al0r1De1s7HY/97Inozgk+x8ZCWRay7JFgypL/gBcS\niuWiY10fAgMBAAECggEAC66K+seF1AxxqVwvW/jabGzdCA/G5niLIc6dxNpZCCIT\nIL05g8jn93wnFB4qLdWCDBZCKkzfAW408Hh9mKVJrYkOfCY0g4nQm3oceq90sa9z\nDbD/kUKWPsNqhgzQdRbYk8Q5z9R9S0uQZ01LKMRrQ+yJ+05uINEDhiUv+qJ9m6P4\njRdwHklUfoD5Zm3+W+Nlc8bLLBq2MU6IZrfXFtek3677bCejZGdq4+98gRjMm3tI\nKoPAYM+Y/SZ62iFUy2sacPws5Kn/uyQVrvQFz3i3aka08BMjI/E7hotsuiSjEmMl\nvJgmiRqcmT3oJT0S3FAFaTSuSN1a8jTeKLTOfVQB1QKBgQDNVNL+dFZ9+A1oYbOJ\nXRodqZaj+ktJCqYD5QNt73kgm0YC3/W4C26VyBTcLjP4mljStDWSeVfDGUvHKe3i\nO/jlRyjkIeqgUOoLScwXLJSL5mZ55g8AdLXaDeHqtpInhiwn77+eaOgQlzCclP0m\nWmQECWpq+br8A4cHqyEvHFLk8wKBgQDAp9GrT0jAngKNP5cNP5mdVsqmvf1dfI0J\niKkDVGZ8eN3trPztHg5NqVkU4GS1hcgs63pnBFQ0YoD3g6HsQ3CxeGqWtOQJAPJB\nIcjKd+v/lt6t5911RTf/2tSFBf6Dcm2M2inT28xMRRxH1zlf5IBj2aJrJb4W/nZx\n4i7gWAAiJQKBgFRTiM+tsbPMQp1iupwoW0hhVJeFfJPDxsiErjLhDYrhmhAmMEDk\nmQb0g/SlGPz5To9CKVo9cViTs/ZYdvTZkm9/GQEQGM68TFJUfXfq/Bq0hdN8Mx8J\nz4F9ABIn5sBKrym7oaOKC/x8Sx+TZJ/ysW6i+0xxwWQsgrEYi+lQJY8XAoGANjXC\nqMqpdRHBNA+lqGOyDPTkFyE0zv6CDSG4NSilofa8s+lOTkZ7zdyOJXKyw+U+G22z\nRpOQQiFJmtweTwX3CukQTRHfbK0ofa1M+7Pc41GHnTW2Og5dIJBp5nh2UnR7YPvu\ncx/RD9EOkSR9j38TpYUSz8WSBJRbrdXwTM5WU0UCgYEAoQ0rX98Zv5fgIts2kz/k\n2O7Q46+Y8dmEICZ70fe0CNJ8m50SHl+U7VLnPHz3xw3NewoOww81IUi/ZYOSMfNN\n6e3Y6U66WXjJS+ipeuocUcigxLgnyaY7kfgx5saAhOC6mpGISHnMVbu3okFbgtci\ne0agWXI23HMhC95aZK2GGl0=\n-----END PRIVATE KEY-----\n","clientEmail":"ici-drive@appspot.gserviceaccount.com","httpClient":{"retry":{"maxRetries":4,"statusCodes":[503],"ioErrorCodes":["ECONNRESET","ETIMEDOUT"],"backOffFactor":0.5,"maxDelayInMillis":60000}}}} 
[warn] ⚠  functions: The Cloud Firestore emulator is not running, so calls to Firestore will affect production.
[debug] [2020-05-16T07:40:35.827Z] [worker-~diagnostic~-81cd4910-b11f-4809-9353-98e54dd8fd8e]: IDLE 
[debug] [2020-05-16T07:44:08.200Z] File /home/florent/VisualStudioCode/ici-drive-customer-app/functions/src/resources/admin-maker.resource.ts changed, reloading triggers 
[debug] [2020-05-16T07:44:09.202Z] [worker-pool] Shutting down IDLE worker (~diagnostic~) 
[debug] [2020-05-16T07:44:09.202Z] [worker-~diagnostic~-81cd4910-b11f-4809-9353-98e54dd8fd8e]: FINISHING 
[debug] [2020-05-16T07:44:09.202Z] [worker-pool] Cleaned up workers for ~diagnostic~: 2 --> 1 
[debug] [2020-05-16T07:44:09.217Z] [worker-pool] addWorker(~diagnostic~) 
[debug] [2020-05-16T07:44:09.217Z] [worker-pool] Adding worker with key ~diagnostic~, total=2 
[debug] [2020-05-16T07:44:09.218Z] [worker-pool] submitWork(triggerId=) 
[debug] [2020-05-16T07:44:09.218Z] [worker-~diagnostic~-8d95b880-7144-4ad8-87f0-bfed60a78dfe]: Assigning socketPath: /tmp/fire_emu_20234.sock 
[debug] [2020-05-16T07:44:09.218Z] [worker-~diagnostic~-8d95b880-7144-4ad8-87f0-bfed60a78dfe]: BUSY 
[debug] [2020-05-16T07:44:09.219Z] [worker-~diagnostic~-81cd4910-b11f-4809-9353-98e54dd8fd8e]: exited 
[debug] [2020-05-16T07:44:09.219Z] [worker-~diagnostic~-81cd4910-b11f-4809-9353-98e54dd8fd8e]: FINISHED 
[debug] [2020-05-16T07:44:09.556Z] [runtime-status] [20234] Functions runtime initialized. {"cwd":"/home/florent/VisualStudioCode/ici-drive-customer-app/functions","node_version":"10.15.1"} 
[debug] [2020-05-16T07:44:09.559Z] [runtime-status] [20234] Disabled runtime features: undefined 
[debug] [2020-05-16T07:44:09.563Z] [runtime-status] [20234] Resolved module firebase-admin {"declared":true,"installed":true,"version":"8.11.0","resolution":"/home/florent/VisualStudioCode/ici-drive-customer-app/functions/node_modules/firebase-admin/lib/index.js"} 
[debug] [2020-05-16T07:44:09.565Z] [runtime-status] [20234] Resolved module firebase-functions {"declared":true,"installed":true,"version":"3.6.1","resolution":"/home/florent/VisualStudioCode/ici-drive-customer-app/functions/node_modules/firebase-functions/lib/index.js"} 
[debug] [2020-05-16T07:44:09.566Z] [runtime-status] [20234] Found local functions config: /home/florent/VisualStudioCode/ici-drive-customer-app/functions/.runtimeconfig.json 
[warn] ⚠  functions: Your GOOGLE_APPLICATION_CREDENTIALS environment variable points to /home/florent/Documents/espace_travail/ici-drive/ici-drive-946b5266ccce.json. Non-emulated services will access production using these credentials. Be careful!
[debug] [2020-05-16T07:44:09.573Z] [runtime-status] [20234] Outgoing network have been stubbed. [{"name":"http","status":"mocked"},{"name":"http","status":"mocked"},{"name":"https","status":"mocked"},{"name":"https","status":"mocked"},{"name":"net","status":"mocked"}] 
[debug] [2020-05-16T07:44:09.606Z] [runtime-status] [20234] Checked functions.config() {"config":{"elasticemail":{"url":"https://api.elasticemail.com/v2/email/send","apikey":"63FCBDF1D5FBE3BD941E9E65ACDBD39E76A61A011AD48E1979AD5BED3AD4A38FEC4BD26577EC04EAF188292A0DA8167B"},"bunnycdn":{"url":"https://storage.bunnycdn.com","apikey":"6ea9f12e-a27d-41dd-9040a884101c-2e09-4056"}}} 
[debug] [2020-05-16T07:44:09.610Z] [runtime-status] [20234] Resolved module firebase-functions {"declared":true,"installed":true,"version":"3.6.1","resolution":"/home/florent/VisualStudioCode/ici-drive-customer-app/functions/node_modules/firebase-functions/lib/index.js"} 
[debug] [2020-05-16T07:44:09.612Z] [runtime-status] [20234] Resolved module firebase-admin {"declared":true,"installed":true,"version":"8.11.0","resolution":"/home/florent/VisualStudioCode/ici-drive-customer-app/functions/node_modules/firebase-admin/lib/index.js"} 
[debug] [2020-05-16T07:44:09.613Z] [runtime-status] [20234] Resolved module firebase-functions {"declared":true,"installed":true,"version":"3.6.1","resolution":"/home/florent/VisualStudioCode/ici-drive-customer-app/functions/node_modules/firebase-functions/lib/index.js"} 
[debug] [2020-05-16T07:44:09.613Z] [runtime-status] [20234] firebase-admin has been stubbed. {"adminResolution":{"declared":true,"installed":true,"version":"8.11.0","resolution":"/home/florent/VisualStudioCode/ici-drive-customer-app/functions/node_modules/firebase-admin/lib/index.js"}} 
[debug] [2020-05-16T07:44:09.966Z] [runtime-status] [20234] config() parent accessed! {"parentKey":"elasticemail","parentConfig":{"elasticemail":{"url":"https://api.elasticemail.com/v2/email/send","apikey":"63FCBDF1D5FBE3BD941E9E65ACDBD39E76A61A011AD48E1979AD5BED3AD4A38FEC4BD26577EC04EAF188292A0DA8167B"},"bunnycdn":{"url":"https://storage.bunnycdn.com","apikey":"6ea9f12e-a27d-41dd-9040a884101c-2e09-4056"}}} 
[debug] [2020-05-16T07:44:09.966Z] [runtime-status] [20234] config() parent accessed! {"parentKey":"elasticemail","parentConfig":{"elasticemail":{"url":"https://api.elasticemail.com/v2/email/send","apikey":"63FCBDF1D5FBE3BD941E9E65ACDBD39E76A61A011AD48E1979AD5BED3AD4A38FEC4BD26577EC04EAF188292A0DA8167B"},"bunnycdn":{"url":"https://storage.bunnycdn.com","apikey":"6ea9f12e-a27d-41dd-9040a884101c-2e09-4056"}}} 
[debug] [2020-05-16T07:44:09.969Z] [runtime-status] [20234] config() parent accessed! {"parentKey":"bunnycdn","parentConfig":{"elasticemail":{"url":"https://api.elasticemail.com/v2/email/send","apikey":"63FCBDF1D5FBE3BD941E9E65ACDBD39E76A61A011AD48E1979AD5BED3AD4A38FEC4BD26577EC04EAF188292A0DA8167B"},"bunnycdn":{"url":"https://storage.bunnycdn.com","apikey":"6ea9f12e-a27d-41dd-9040a884101c-2e09-4056"}}} 
[debug] [2020-05-16T07:44:09.969Z] [runtime-status] [20234] config() parent accessed! {"parentKey":"bunnycdn","parentConfig":{"elasticemail":{"url":"https://api.elasticemail.com/v2/email/send","apikey":"63FCBDF1D5FBE3BD941E9E65ACDBD39E76A61A011AD48E1979AD5BED3AD4A38FEC4BD26577EC04EAF188292A0DA8167B"},"bunnycdn":{"url":"https://storage.bunnycdn.com","apikey":"6ea9f12e-a27d-41dd-9040a884101c-2e09-4056"}}} 
[debug] [2020-05-16T07:44:10.049Z] [runtime-status] [20234] initializeApp(DEFAULT) {"databaseURL":"https://ici-drive.firebaseio.com","storageBucket":"ici-drive.appspot.com","projectId":"ici-drive","credential":{"implicit":false,"projectId":"ici-drive","privateKey":"-----BEGIN PRIVATE KEY-----\nMIIEvQIBADANBgkqhkiG9w0BAQEFAASCBKcwggSjAgEAAoIBAQCahjjAIsD3TsGZ\nHeBwCC8wdKSrRt0cDdO8m+szftGMKTHTh7mS8ipWjcKuc3+MPhn4HDmW55oEw77u\nOMn8YIlhxapXaPNadzXu1LlUm0nerh11lAXM5/k/0i7wzPNCILCj8Homt2+E3NKn\nCLryKAvMbEu9ksqpy6z5Zarj1pKy0JtmBiZaQ4tcCPqjGCW05ZwclC8zQLwGHPLH\nkP7gcj0rfOU3Tr/t7ZirMLwz5GM33Zo142672wcnCIBlLmeIKk+7ctFnem79yJpk\nfNEU/VKTAPY9yyTJ/fHfW5al0r1De1s7HY/97Inozgk+x8ZCWRay7JFgypL/gBcS\niuWiY10fAgMBAAECggEAC66K+seF1AxxqVwvW/jabGzdCA/G5niLIc6dxNpZCCIT\nIL05g8jn93wnFB4qLdWCDBZCKkzfAW408Hh9mKVJrYkOfCY0g4nQm3oceq90sa9z\nDbD/kUKWPsNqhgzQdRbYk8Q5z9R9S0uQZ01LKMRrQ+yJ+05uINEDhiUv+qJ9m6P4\njRdwHklUfoD5Zm3+W+Nlc8bLLBq2MU6IZrfXFtek3677bCejZGdq4+98gRjMm3tI\nKoPAYM+Y/SZ62iFUy2sacPws5Kn/uyQVrvQFz3i3aka08BMjI/E7hotsuiSjEmMl\nvJgmiRqcmT3oJT0S3FAFaTSuSN1a8jTeKLTOfVQB1QKBgQDNVNL+dFZ9+A1oYbOJ\nXRodqZaj+ktJCqYD5QNt73kgm0YC3/W4C26VyBTcLjP4mljStDWSeVfDGUvHKe3i\nO/jlRyjkIeqgUOoLScwXLJSL5mZ55g8AdLXaDeHqtpInhiwn77+eaOgQlzCclP0m\nWmQECWpq+br8A4cHqyEvHFLk8wKBgQDAp9GrT0jAngKNP5cNP5mdVsqmvf1dfI0J\niKkDVGZ8eN3trPztHg5NqVkU4GS1hcgs63pnBFQ0YoD3g6HsQ3CxeGqWtOQJAPJB\nIcjKd+v/lt6t5911RTf/2tSFBf6Dcm2M2inT28xMRRxH1zlf5IBj2aJrJb4W/nZx\n4i7gWAAiJQKBgFRTiM+tsbPMQp1iupwoW0hhVJeFfJPDxsiErjLhDYrhmhAmMEDk\nmQb0g/SlGPz5To9CKVo9cViTs/ZYdvTZkm9/GQEQGM68TFJUfXfq/Bq0hdN8Mx8J\nz4F9ABIn5sBKrym7oaOKC/x8Sx+TZJ/ysW6i+0xxwWQsgrEYi+lQJY8XAoGANjXC\nqMqpdRHBNA+lqGOyDPTkFyE0zv6CDSG4NSilofa8s+lOTkZ7zdyOJXKyw+U+G22z\nRpOQQiFJmtweTwX3CukQTRHfbK0ofa1M+7Pc41GHnTW2Og5dIJBp5nh2UnR7YPvu\ncx/RD9EOkSR9j38TpYUSz8WSBJRbrdXwTM5WU0UCgYEAoQ0rX98Zv5fgIts2kz/k\n2O7Q46+Y8dmEICZ70fe0CNJ8m50SHl+U7VLnPHz3xw3NewoOww81IUi/ZYOSMfNN\n6e3Y6U66WXjJS+ipeuocUcigxLgnyaY7kfgx5saAhOC6mpGISHnMVbu3okFbgtci\ne0agWXI23HMhC95aZK2GGl0=\n-----END PRIVATE KEY-----\n","clientEmail":"ici-drive@appspot.gserviceaccount.com","httpClient":{"retry":{"maxRetries":4,"statusCodes":[503],"ioErrorCodes":["ECONNRESET","ETIMEDOUT"],"backOffFactor":0.5,"maxDelayInMillis":60000}}}} 
[warn] ⚠  functions: The Cloud Firestore emulator is not running, so calls to Firestore will affect production.
[debug] [2020-05-16T07:44:10.063Z] [worker-~diagnostic~-8d95b880-7144-4ad8-87f0-bfed60a78dfe]: IDLE 
[debug] [2020-05-16T07:44:12.624Z] File /home/florent/VisualStudioCode/ici-drive-customer-app/functions/src/resources/admin-maker.resource.ts changed, reloading triggers 
[debug] [2020-05-16T07:44:13.626Z] [worker-pool] Shutting down IDLE worker (~diagnostic~) 
[debug] [2020-05-16T07:44:13.626Z] [worker-~diagnostic~-8d95b880-7144-4ad8-87f0-bfed60a78dfe]: FINISHING 
[debug] [2020-05-16T07:44:13.626Z] [worker-pool] Cleaned up workers for ~diagnostic~: 2 --> 1 
[debug] [2020-05-16T07:44:13.636Z] [worker-pool] addWorker(~diagnostic~) 
[debug] [2020-05-16T07:44:13.637Z] [worker-pool] Adding worker with key ~diagnostic~, total=2 
[debug] [2020-05-16T07:44:13.637Z] [worker-pool] submitWork(triggerId=) 
[debug] [2020-05-16T07:44:13.637Z] [worker-~diagnostic~-6b98d12e-2fcd-46b9-bbfa-5222da122392]: Assigning socketPath: /tmp/fire_emu_20251.sock 
[debug] [2020-05-16T07:44:13.637Z] [worker-~diagnostic~-6b98d12e-2fcd-46b9-bbfa-5222da122392]: BUSY 
[debug] [2020-05-16T07:44:13.639Z] [worker-~diagnostic~-8d95b880-7144-4ad8-87f0-bfed60a78dfe]: exited 
[debug] [2020-05-16T07:44:13.640Z] [worker-~diagnostic~-8d95b880-7144-4ad8-87f0-bfed60a78dfe]: FINISHED 
[debug] [2020-05-16T07:44:13.957Z] [runtime-status] [20251] Functions runtime initialized. {"cwd":"/home/florent/VisualStudioCode/ici-drive-customer-app/functions","node_version":"10.15.1"} 
[debug] [2020-05-16T07:44:13.959Z] [runtime-status] [20251] Disabled runtime features: undefined 
[debug] [2020-05-16T07:44:13.962Z] [runtime-status] [20251] Resolved module firebase-admin {"declared":true,"installed":true,"version":"8.11.0","resolution":"/home/florent/VisualStudioCode/ici-drive-customer-app/functions/node_modules/firebase-admin/lib/index.js"} 
[debug] [2020-05-16T07:44:13.964Z] [runtime-status] [20251] Resolved module firebase-functions {"declared":true,"installed":true,"version":"3.6.1","resolution":"/home/florent/VisualStudioCode/ici-drive-customer-app/functions/node_modules/firebase-functions/lib/index.js"} 
[debug] [2020-05-16T07:44:13.964Z] [runtime-status] [20251] Found local functions config: /home/florent/VisualStudioCode/ici-drive-customer-app/functions/.runtimeconfig.json 
[warn] ⚠  functions: Your GOOGLE_APPLICATION_CREDENTIALS environment variable points to /home/florent/Documents/espace_travail/ici-drive/ici-drive-946b5266ccce.json. Non-emulated services will access production using these credentials. Be careful!
[debug] [2020-05-16T07:44:13.969Z] [runtime-status] [20251] Outgoing network have been stubbed. [{"name":"http","status":"mocked"},{"name":"http","status":"mocked"},{"name":"https","status":"mocked"},{"name":"https","status":"mocked"},{"name":"net","status":"mocked"}] 
[debug] [2020-05-16T07:44:13.996Z] [runtime-status] [20251] Checked functions.config() {"config":{"elasticemail":{"url":"https://api.elasticemail.com/v2/email/send","apikey":"63FCBDF1D5FBE3BD941E9E65ACDBD39E76A61A011AD48E1979AD5BED3AD4A38FEC4BD26577EC04EAF188292A0DA8167B"},"bunnycdn":{"url":"https://storage.bunnycdn.com","apikey":"6ea9f12e-a27d-41dd-9040a884101c-2e09-4056"}}} 
[debug] [2020-05-16T07:44:13.997Z] [runtime-status] [20251] Resolved module firebase-functions {"declared":true,"installed":true,"version":"3.6.1","resolution":"/home/florent/VisualStudioCode/ici-drive-customer-app/functions/node_modules/firebase-functions/lib/index.js"} 
[debug] [2020-05-16T07:44:14.000Z] [runtime-status] [20251] Resolved module firebase-admin {"declared":true,"installed":true,"version":"8.11.0","resolution":"/home/florent/VisualStudioCode/ici-drive-customer-app/functions/node_modules/firebase-admin/lib/index.js"} 
[debug] [2020-05-16T07:44:14.000Z] [runtime-status] [20251] Resolved module firebase-functions {"declared":true,"installed":true,"version":"3.6.1","resolution":"/home/florent/VisualStudioCode/ici-drive-customer-app/functions/node_modules/firebase-functions/lib/index.js"} 
[debug] [2020-05-16T07:44:14.000Z] [runtime-status] [20251] firebase-admin has been stubbed. {"adminResolution":{"declared":true,"installed":true,"version":"8.11.0","resolution":"/home/florent/VisualStudioCode/ici-drive-customer-app/functions/node_modules/firebase-admin/lib/index.js"}} 
[debug] [2020-05-16T07:44:14.269Z] [runtime-status] [20251] config() parent accessed! {"parentKey":"elasticemail","parentConfig":{"elasticemail":{"url":"https://api.elasticemail.com/v2/email/send","apikey":"63FCBDF1D5FBE3BD941E9E65ACDBD39E76A61A011AD48E1979AD5BED3AD4A38FEC4BD26577EC04EAF188292A0DA8167B"},"bunnycdn":{"url":"https://storage.bunnycdn.com","apikey":"6ea9f12e-a27d-41dd-9040a884101c-2e09-4056"}}} 
[debug] [2020-05-16T07:44:14.269Z] [runtime-status] [20251] config() parent accessed! {"parentKey":"elasticemail","parentConfig":{"elasticemail":{"url":"https://api.elasticemail.com/v2/email/send","apikey":"63FCBDF1D5FBE3BD941E9E65ACDBD39E76A61A011AD48E1979AD5BED3AD4A38FEC4BD26577EC04EAF188292A0DA8167B"},"bunnycdn":{"url":"https://storage.bunnycdn.com","apikey":"6ea9f12e-a27d-41dd-9040a884101c-2e09-4056"}}} 
[debug] [2020-05-16T07:44:14.275Z] [runtime-status] [20251] config() parent accessed! {"parentKey":"bunnycdn","parentConfig":{"elasticemail":{"url":"https://api.elasticemail.com/v2/email/send","apikey":"63FCBDF1D5FBE3BD941E9E65ACDBD39E76A61A011AD48E1979AD5BED3AD4A38FEC4BD26577EC04EAF188292A0DA8167B"},"bunnycdn":{"url":"https://storage.bunnycdn.com","apikey":"6ea9f12e-a27d-41dd-9040a884101c-2e09-4056"}}} 
[debug] [2020-05-16T07:44:14.275Z] [runtime-status] [20251] config() parent accessed! {"parentKey":"bunnycdn","parentConfig":{"elasticemail":{"url":"https://api.elasticemail.com/v2/email/send","apikey":"63FCBDF1D5FBE3BD941E9E65ACDBD39E76A61A011AD48E1979AD5BED3AD4A38FEC4BD26577EC04EAF188292A0DA8167B"},"bunnycdn":{"url":"https://storage.bunnycdn.com","apikey":"6ea9f12e-a27d-41dd-9040a884101c-2e09-4056"}}} 
[debug] [2020-05-16T07:44:14.380Z] [runtime-status] [20251] initializeApp(DEFAULT) {"databaseURL":"https://ici-drive.firebaseio.com","storageBucket":"ici-drive.appspot.com","projectId":"ici-drive","credential":{"implicit":false,"projectId":"ici-drive","privateKey":"-----BEGIN PRIVATE KEY-----\nMIIEvQIBADANBgkqhkiG9w0BAQEFAASCBKcwggSjAgEAAoIBAQCahjjAIsD3TsGZ\nHeBwCC8wdKSrRt0cDdO8m+szftGMKTHTh7mS8ipWjcKuc3+MPhn4HDmW55oEw77u\nOMn8YIlhxapXaPNadzXu1LlUm0nerh11lAXM5/k/0i7wzPNCILCj8Homt2+E3NKn\nCLryKAvMbEu9ksqpy6z5Zarj1pKy0JtmBiZaQ4tcCPqjGCW05ZwclC8zQLwGHPLH\nkP7gcj0rfOU3Tr/t7ZirMLwz5GM33Zo142672wcnCIBlLmeIKk+7ctFnem79yJpk\nfNEU/VKTAPY9yyTJ/fHfW5al0r1De1s7HY/97Inozgk+x8ZCWRay7JFgypL/gBcS\niuWiY10fAgMBAAECggEAC66K+seF1AxxqVwvW/jabGzdCA/G5niLIc6dxNpZCCIT\nIL05g8jn93wnFB4qLdWCDBZCKkzfAW408Hh9mKVJrYkOfCY0g4nQm3oceq90sa9z\nDbD/kUKWPsNqhgzQdRbYk8Q5z9R9S0uQZ01LKMRrQ+yJ+05uINEDhiUv+qJ9m6P4\njRdwHklUfoD5Zm3+W+Nlc8bLLBq2MU6IZrfXFtek3677bCejZGdq4+98gRjMm3tI\nKoPAYM+Y/SZ62iFUy2sacPws5Kn/uyQVrvQFz3i3aka08BMjI/E7hotsuiSjEmMl\nvJgmiRqcmT3oJT0S3FAFaTSuSN1a8jTeKLTOfVQB1QKBgQDNVNL+dFZ9+A1oYbOJ\nXRodqZaj+ktJCqYD5QNt73kgm0YC3/W4C26VyBTcLjP4mljStDWSeVfDGUvHKe3i\nO/jlRyjkIeqgUOoLScwXLJSL5mZ55g8AdLXaDeHqtpInhiwn77+eaOgQlzCclP0m\nWmQECWpq+br8A4cHqyEvHFLk8wKBgQDAp9GrT0jAngKNP5cNP5mdVsqmvf1dfI0J\niKkDVGZ8eN3trPztHg5NqVkU4GS1hcgs63pnBFQ0YoD3g6HsQ3CxeGqWtOQJAPJB\nIcjKd+v/lt6t5911RTf/2tSFBf6Dcm2M2inT28xMRRxH1zlf5IBj2aJrJb4W/nZx\n4i7gWAAiJQKBgFRTiM+tsbPMQp1iupwoW0hhVJeFfJPDxsiErjLhDYrhmhAmMEDk\nmQb0g/SlGPz5To9CKVo9cViTs/ZYdvTZkm9/GQEQGM68TFJUfXfq/Bq0hdN8Mx8J\nz4F9ABIn5sBKrym7oaOKC/x8Sx+TZJ/ysW6i+0xxwWQsgrEYi+lQJY8XAoGANjXC\nqMqpdRHBNA+lqGOyDPTkFyE0zv6CDSG4NSilofa8s+lOTkZ7zdyOJXKyw+U+G22z\nRpOQQiFJmtweTwX3CukQTRHfbK0ofa1M+7Pc41GHnTW2Og5dIJBp5nh2UnR7YPvu\ncx/RD9EOkSR9j38TpYUSz8WSBJRbrdXwTM5WU0UCgYEAoQ0rX98Zv5fgIts2kz/k\n2O7Q46+Y8dmEICZ70fe0CNJ8m50SHl+U7VLnPHz3xw3NewoOww81IUi/ZYOSMfNN\n6e3Y6U66WXjJS+ipeuocUcigxLgnyaY7kfgx5saAhOC6mpGISHnMVbu3okFbgtci\ne0agWXI23HMhC95aZK2GGl0=\n-----END PRIVATE KEY-----\n","clientEmail":"ici-drive@appspot.gserviceaccount.com","httpClient":{"retry":{"maxRetries":4,"statusCodes":[503],"ioErrorCodes":["ECONNRESET","ETIMEDOUT"],"backOffFactor":0.5,"maxDelayInMillis":60000}}}} 
[warn] ⚠  functions: The Cloud Firestore emulator is not running, so calls to Firestore will affect production.
[debug] [2020-05-16T07:44:14.397Z] [worker-~diagnostic~-6b98d12e-2fcd-46b9-bbfa-5222da122392]: IDLE 
