[debug] [2020-05-08T06:47:46.930Z] ----------------------------------------------------------------------
[debug] [2020-05-08T06:47:46.932Z] Command:       /home/florent/Applications/node-v10.15.1-linux-x64/bin/node /home/florent/VisualStudioCode/ici-drive-customer-app/node_modules/.bin/firebase emulators:start
[debug] [2020-05-08T06:47:46.933Z] CLI Version:   8.2.0
[debug] [2020-05-08T06:47:46.933Z] Platform:      linux
[debug] [2020-05-08T06:47:46.933Z] Node Version:  v10.15.1
[debug] [2020-05-08T06:47:46.933Z] Time:          Fri May 08 2020 08:47:46 GMT+0200 (GMT+02:00)
[debug] [2020-05-08T06:47:46.934Z] ----------------------------------------------------------------------
[debug] [2020-05-08T06:47:46.934Z] 
[debug] [2020-05-08T06:47:46.940Z] > command requires scopes: ["email","openid","https://www.googleapis.com/auth/cloudplatformprojects.readonly","https://www.googleapis.com/auth/firebase","https://www.googleapis.com/auth/cloud-platform"]
[debug] [2020-05-08T06:47:46.940Z] > authorizing via signed-in user
[info] i  emulators: Starting emulators: functions, hosting
[debug] [2020-05-08T06:47:46.983Z] [hub] writing locator at /tmp/hub-ici-drive.json
[info] ✔  hub: emulator hub started at http://localhost:4400
[warn] ⚠  Your requested "node" version "8" doesn't match your global version "10"
[info] ✔  functions: functions emulator started at http://localhost:5001
[debug] [2020-05-08T06:47:47.020Z] >>> HTTP REQUEST GET https://firebase.googleapis.com/v1beta1/projects/ici-drive/webApps/-/config  
 
[debug] [2020-05-08T06:47:47.816Z] <<< HTTP RESPONSE 200 {"content-type":"application/json; charset=UTF-8","vary":"X-Origin, Referer, Origin,Accept-Encoding","date":"Fri, 08 May 2020 06:47:47 GMT","server":"ESF","cache-control":"private","x-xss-protection":"0","x-frame-options":"SAMEORIGIN","x-content-type-options":"nosniff","alt-svc":"h3-27=\":443\"; ma=2592000,h3-25=\":443\"; ma=2592000,h3-Q050=\":443\"; ma=2592000,h3-Q049=\":443\"; ma=2592000,h3-Q048=\":443\"; ma=2592000,h3-Q046=\":443\"; ma=2592000,h3-Q043=\":443\"; ma=2592000,quic=\":443\"; ma=2592000; v=\"46,43\"","accept-ranges":"none","transfer-encoding":"chunked"}
[info] i  hosting[customer-ici-drive-prod]: Serving hosting files from: build
[info] ✔  hosting[customer-ici-drive-prod]: Local server: http://localhost:5000
[info] ✔  hosting: hosting emulator started at http://localhost:5000
[info] i  functions: Watching "/home/florent/VisualStudioCode/ici-drive-customer-app/functions" for Cloud Functions...
[debug] [2020-05-08T06:47:47.855Z] [worker-pool] addWorker(~diagnostic~) 
[debug] [2020-05-08T06:47:47.856Z] [worker-pool] Adding worker with key ~diagnostic~, total=1 
[debug] [2020-05-08T06:47:47.856Z] [worker-pool] submitWork(triggerId=) 
[debug] [2020-05-08T06:47:47.857Z] [worker-~diagnostic~-0d9ed65f-2f2b-4308-9d6f-f2f3d680bda1]: Assigning socketPath: /tmp/fire_emu_25473.sock 
[debug] [2020-05-08T06:47:47.857Z] [worker-~diagnostic~-0d9ed65f-2f2b-4308-9d6f-f2f3d680bda1]: BUSY 
[debug] [2020-05-08T06:47:48.214Z] [runtime-status] [25473] Functions runtime initialized. {"cwd":"/home/florent/VisualStudioCode/ici-drive-customer-app/functions","node_version":"10.15.1"} 
[debug] [2020-05-08T06:47:48.216Z] [runtime-status] [25473] Disabled runtime features: undefined 
[debug] [2020-05-08T06:47:48.221Z] [runtime-status] [25473] Resolved module firebase-admin {"declared":true,"installed":true,"version":"8.11.0","resolution":"/home/florent/VisualStudioCode/ici-drive-customer-app/functions/node_modules/firebase-admin/lib/index.js"} 
[debug] [2020-05-08T06:47:48.222Z] [runtime-status] [25473] Resolved module firebase-functions {"declared":true,"installed":true,"version":"3.6.1","resolution":"/home/florent/VisualStudioCode/ici-drive-customer-app/functions/node_modules/firebase-functions/lib/index.js"} 
[debug] [2020-05-08T06:47:48.222Z] [runtime-status] [25473] Found local functions config: /home/florent/VisualStudioCode/ici-drive-customer-app/functions/.runtimeconfig.json 
[warn] ⚠  functions: Your GOOGLE_APPLICATION_CREDENTIALS environment variable points to /home/florent/Documents/espace_travail/ici-drive/ici-drive-946b5266ccce.json. Non-emulated services will access production using these credentials. Be careful!
[debug] [2020-05-08T06:47:48.228Z] [runtime-status] [25473] Outgoing network have been stubbed. [{"name":"http","status":"mocked"},{"name":"http","status":"mocked"},{"name":"https","status":"mocked"},{"name":"https","status":"mocked"},{"name":"net","status":"mocked"}] 
[debug] [2020-05-08T06:47:48.281Z] [runtime-status] [25473] Checked functions.config() {"config":{"elasticemail":{"apikey":"63FCBDF1D5FBE3BD941E9E65ACDBD39E76A61A011AD48E1979AD5BED3AD4A38FEC4BD26577EC04EAF188292A0DA8167B","url":"https://api.elasticemail.com/v2/email/send"}}} 
[debug] [2020-05-08T06:47:48.282Z] [runtime-status] [25473] Resolved module firebase-functions {"declared":true,"installed":true,"version":"3.6.1","resolution":"/home/florent/VisualStudioCode/ici-drive-customer-app/functions/node_modules/firebase-functions/lib/index.js"} 
[debug] [2020-05-08T06:47:48.283Z] [runtime-status] [25473] Resolved module firebase-admin {"declared":true,"installed":true,"version":"8.11.0","resolution":"/home/florent/VisualStudioCode/ici-drive-customer-app/functions/node_modules/firebase-admin/lib/index.js"} 
[debug] [2020-05-08T06:47:48.284Z] [runtime-status] [25473] Resolved module firebase-functions {"declared":true,"installed":true,"version":"3.6.1","resolution":"/home/florent/VisualStudioCode/ici-drive-customer-app/functions/node_modules/firebase-functions/lib/index.js"} 
[debug] [2020-05-08T06:47:48.285Z] [runtime-status] [25473] firebase-admin has been stubbed. {"adminResolution":{"declared":true,"installed":true,"version":"8.11.0","resolution":"/home/florent/VisualStudioCode/ici-drive-customer-app/functions/node_modules/firebase-admin/lib/index.js"}} 
[debug] [2020-05-08T06:47:48.579Z] [runtime-status] [25473] config() parent accessed! {"parentKey":"elasticemail","parentConfig":{"elasticemail":{"apikey":"63FCBDF1D5FBE3BD941E9E65ACDBD39E76A61A011AD48E1979AD5BED3AD4A38FEC4BD26577EC04EAF188292A0DA8167B","url":"https://api.elasticemail.com/v2/email/send"}}} 
[debug] [2020-05-08T06:47:48.579Z] [runtime-status] [25473] config() parent accessed! {"parentKey":"elasticemail","parentConfig":{"elasticemail":{"apikey":"63FCBDF1D5FBE3BD941E9E65ACDBD39E76A61A011AD48E1979AD5BED3AD4A38FEC4BD26577EC04EAF188292A0DA8167B","url":"https://api.elasticemail.com/v2/email/send"}}} 
[debug] [2020-05-08T06:47:48.715Z] [runtime-status] [25473] initializeApp(DEFAULT) {"databaseURL":"https://ici-drive.firebaseio.com","storageBucket":"ici-drive.appspot.com","projectId":"ici-drive","credential":{"implicit":false,"projectId":"ici-drive","privateKey":"-----BEGIN PRIVATE KEY-----\nMIIEvQIBADANBgkqhkiG9w0BAQEFAASCBKcwggSjAgEAAoIBAQCahjjAIsD3TsGZ\nHeBwCC8wdKSrRt0cDdO8m+szftGMKTHTh7mS8ipWjcKuc3+MPhn4HDmW55oEw77u\nOMn8YIlhxapXaPNadzXu1LlUm0nerh11lAXM5/k/0i7wzPNCILCj8Homt2+E3NKn\nCLryKAvMbEu9ksqpy6z5Zarj1pKy0JtmBiZaQ4tcCPqjGCW05ZwclC8zQLwGHPLH\nkP7gcj0rfOU3Tr/t7ZirMLwz5GM33Zo142672wcnCIBlLmeIKk+7ctFnem79yJpk\nfNEU/VKTAPY9yyTJ/fHfW5al0r1De1s7HY/97Inozgk+x8ZCWRay7JFgypL/gBcS\niuWiY10fAgMBAAECggEAC66K+seF1AxxqVwvW/jabGzdCA/G5niLIc6dxNpZCCIT\nIL05g8jn93wnFB4qLdWCDBZCKkzfAW408Hh9mKVJrYkOfCY0g4nQm3oceq90sa9z\nDbD/kUKWPsNqhgzQdRbYk8Q5z9R9S0uQZ01LKMRrQ+yJ+05uINEDhiUv+qJ9m6P4\njRdwHklUfoD5Zm3+W+Nlc8bLLBq2MU6IZrfXFtek3677bCejZGdq4+98gRjMm3tI\nKoPAYM+Y/SZ62iFUy2sacPws5Kn/uyQVrvQFz3i3aka08BMjI/E7hotsuiSjEmMl\nvJgmiRqcmT3oJT0S3FAFaTSuSN1a8jTeKLTOfVQB1QKBgQDNVNL+dFZ9+A1oYbOJ\nXRodqZaj+ktJCqYD5QNt73kgm0YC3/W4C26VyBTcLjP4mljStDWSeVfDGUvHKe3i\nO/jlRyjkIeqgUOoLScwXLJSL5mZ55g8AdLXaDeHqtpInhiwn77+eaOgQlzCclP0m\nWmQECWpq+br8A4cHqyEvHFLk8wKBgQDAp9GrT0jAngKNP5cNP5mdVsqmvf1dfI0J\niKkDVGZ8eN3trPztHg5NqVkU4GS1hcgs63pnBFQ0YoD3g6HsQ3CxeGqWtOQJAPJB\nIcjKd+v/lt6t5911RTf/2tSFBf6Dcm2M2inT28xMRRxH1zlf5IBj2aJrJb4W/nZx\n4i7gWAAiJQKBgFRTiM+tsbPMQp1iupwoW0hhVJeFfJPDxsiErjLhDYrhmhAmMEDk\nmQb0g/SlGPz5To9CKVo9cViTs/ZYdvTZkm9/GQEQGM68TFJUfXfq/Bq0hdN8Mx8J\nz4F9ABIn5sBKrym7oaOKC/x8Sx+TZJ/ysW6i+0xxwWQsgrEYi+lQJY8XAoGANjXC\nqMqpdRHBNA+lqGOyDPTkFyE0zv6CDSG4NSilofa8s+lOTkZ7zdyOJXKyw+U+G22z\nRpOQQiFJmtweTwX3CukQTRHfbK0ofa1M+7Pc41GHnTW2Og5dIJBp5nh2UnR7YPvu\ncx/RD9EOkSR9j38TpYUSz8WSBJRbrdXwTM5WU0UCgYEAoQ0rX98Zv5fgIts2kz/k\n2O7Q46+Y8dmEICZ70fe0CNJ8m50SHl+U7VLnPHz3xw3NewoOww81IUi/ZYOSMfNN\n6e3Y6U66WXjJS+ipeuocUcigxLgnyaY7kfgx5saAhOC6mpGISHnMVbu3okFbgtci\ne0agWXI23HMhC95aZK2GGl0=\n-----END PRIVATE KEY-----\n","clientEmail":"ici-drive@appspot.gserviceaccount.com","httpClient":{"retry":{"maxRetries":4,"statusCodes":[503],"ioErrorCodes":["ECONNRESET","ETIMEDOUT"],"backOffFactor":0.5,"maxDelayInMillis":60000}}}} 
[warn] ⚠  functions: The Cloud Firestore emulator is not running, so calls to Firestore will affect production.
[info] ✔  functions[api]: http function initialized (http://localhost:5001/ici-drive/us-central1/api).
[info] ✔  functions[testAdd]: http function initialized (http://localhost:5001/ici-drive/us-central1/testAdd).
[info] ✔  functions[testFind]: http function initialized (http://localhost:5001/ici-drive/us-central1/testFind).
[info] ✔  emulators: All emulators started, it is now safe to connect.
[debug] [2020-05-08T06:47:48.729Z] [worker-~diagnostic~-0d9ed65f-2f2b-4308-9d6f-f2f3d680bda1]: IDLE 
[info] [hosting] Rewriting /api/my-orders to http://localhost:5001/ici-drive/us-central1/api for local Function api
[debug] [2020-05-08T06:47:51.943Z] [work-queue] {"queueLength":1,"workRunningCount":0}
[debug] [2020-05-08T06:47:51.943Z] [work-queue] {"queueLength":0,"workRunningCount":1}
[debug] [2020-05-08T06:47:51.944Z] Accepted request POST /ici-drive/us-central1/api/api/my-orders --> api
[debug] [2020-05-08T06:47:51.952Z] [worker-pool] addWorker(api) 
[debug] [2020-05-08T06:47:51.953Z] [worker-pool] Adding worker with key api, total=1 
[debug] [2020-05-08T06:47:51.953Z] [worker-pool] submitWork(triggerId=api) 
[debug] [2020-05-08T06:47:51.953Z] [worker-api-7e3fc56c-3db5-4845-823d-3720bebfd3f2]: Assigning socketPath: /tmp/fire_emu_25486.sock 
[debug] [2020-05-08T06:47:51.953Z] [worker-api-7e3fc56c-3db5-4845-823d-3720bebfd3f2]: BUSY 
[debug] [2020-05-08T06:47:52.288Z] [runtime-status] [25486] Functions runtime initialized. {"cwd":"/home/florent/VisualStudioCode/ici-drive-customer-app/functions","node_version":"10.15.1"} 
[debug] [2020-05-08T06:47:52.291Z] [runtime-status] [25486] Disabled runtime features: undefined 
[debug] [2020-05-08T06:47:52.294Z] [runtime-status] [25486] Resolved module firebase-admin {"declared":true,"installed":true,"version":"8.11.0","resolution":"/home/florent/VisualStudioCode/ici-drive-customer-app/functions/node_modules/firebase-admin/lib/index.js"} 
[debug] [2020-05-08T06:47:52.295Z] [runtime-status] [25486] Resolved module firebase-functions {"declared":true,"installed":true,"version":"3.6.1","resolution":"/home/florent/VisualStudioCode/ici-drive-customer-app/functions/node_modules/firebase-functions/lib/index.js"} 
[debug] [2020-05-08T06:47:52.296Z] [runtime-status] [25486] Found local functions config: /home/florent/VisualStudioCode/ici-drive-customer-app/functions/.runtimeconfig.json 
[warn] ⚠  functions: Your GOOGLE_APPLICATION_CREDENTIALS environment variable points to /home/florent/Documents/espace_travail/ici-drive/ici-drive-946b5266ccce.json. Non-emulated services will access production using these credentials. Be careful!
[debug] [2020-05-08T06:47:52.302Z] [runtime-status] [25486] Outgoing network have been stubbed. [{"name":"http","status":"mocked"},{"name":"http","status":"mocked"},{"name":"https","status":"mocked"},{"name":"https","status":"mocked"},{"name":"net","status":"mocked"}] 
[debug] [2020-05-08T06:47:52.349Z] [runtime-status] [25486] Checked functions.config() {"config":{"elasticemail":{"apikey":"63FCBDF1D5FBE3BD941E9E65ACDBD39E76A61A011AD48E1979AD5BED3AD4A38FEC4BD26577EC04EAF188292A0DA8167B","url":"https://api.elasticemail.com/v2/email/send"}}} 
[debug] [2020-05-08T06:47:52.350Z] [runtime-status] [25486] Resolved module firebase-functions {"declared":true,"installed":true,"version":"3.6.1","resolution":"/home/florent/VisualStudioCode/ici-drive-customer-app/functions/node_modules/firebase-functions/lib/index.js"} 
[debug] [2020-05-08T06:47:52.351Z] [runtime-status] [25486] Resolved module firebase-admin {"declared":true,"installed":true,"version":"8.11.0","resolution":"/home/florent/VisualStudioCode/ici-drive-customer-app/functions/node_modules/firebase-admin/lib/index.js"} 
[debug] [2020-05-08T06:47:52.353Z] [runtime-status] [25486] Resolved module firebase-functions {"declared":true,"installed":true,"version":"3.6.1","resolution":"/home/florent/VisualStudioCode/ici-drive-customer-app/functions/node_modules/firebase-functions/lib/index.js"} 
[debug] [2020-05-08T06:47:52.353Z] [runtime-status] [25486] firebase-admin has been stubbed. {"adminResolution":{"declared":true,"installed":true,"version":"8.11.0","resolution":"/home/florent/VisualStudioCode/ici-drive-customer-app/functions/node_modules/firebase-admin/lib/index.js"}} 
[debug] [2020-05-08T06:47:52.599Z] [runtime-status] [25486] config() parent accessed! {"parentKey":"elasticemail","parentConfig":{"elasticemail":{"apikey":"63FCBDF1D5FBE3BD941E9E65ACDBD39E76A61A011AD48E1979AD5BED3AD4A38FEC4BD26577EC04EAF188292A0DA8167B","url":"https://api.elasticemail.com/v2/email/send"}}} 
[debug] [2020-05-08T06:47:52.599Z] [runtime-status] [25486] config() parent accessed! {"parentKey":"elasticemail","parentConfig":{"elasticemail":{"apikey":"63FCBDF1D5FBE3BD941E9E65ACDBD39E76A61A011AD48E1979AD5BED3AD4A38FEC4BD26577EC04EAF188292A0DA8167B","url":"https://api.elasticemail.com/v2/email/send"}}} 
[debug] [2020-05-08T06:47:52.715Z] [runtime-status] [25486] initializeApp(DEFAULT) {"databaseURL":"https://ici-drive.firebaseio.com","storageBucket":"ici-drive.appspot.com","projectId":"ici-drive","credential":{"implicit":false,"projectId":"ici-drive","privateKey":"-----BEGIN PRIVATE KEY-----\nMIIEvQIBADANBgkqhkiG9w0BAQEFAASCBKcwggSjAgEAAoIBAQCahjjAIsD3TsGZ\nHeBwCC8wdKSrRt0cDdO8m+szftGMKTHTh7mS8ipWjcKuc3+MPhn4HDmW55oEw77u\nOMn8YIlhxapXaPNadzXu1LlUm0nerh11lAXM5/k/0i7wzPNCILCj8Homt2+E3NKn\nCLryKAvMbEu9ksqpy6z5Zarj1pKy0JtmBiZaQ4tcCPqjGCW05ZwclC8zQLwGHPLH\nkP7gcj0rfOU3Tr/t7ZirMLwz5GM33Zo142672wcnCIBlLmeIKk+7ctFnem79yJpk\nfNEU/VKTAPY9yyTJ/fHfW5al0r1De1s7HY/97Inozgk+x8ZCWRay7JFgypL/gBcS\niuWiY10fAgMBAAECggEAC66K+seF1AxxqVwvW/jabGzdCA/G5niLIc6dxNpZCCIT\nIL05g8jn93wnFB4qLdWCDBZCKkzfAW408Hh9mKVJrYkOfCY0g4nQm3oceq90sa9z\nDbD/kUKWPsNqhgzQdRbYk8Q5z9R9S0uQZ01LKMRrQ+yJ+05uINEDhiUv+qJ9m6P4\njRdwHklUfoD5Zm3+W+Nlc8bLLBq2MU6IZrfXFtek3677bCejZGdq4+98gRjMm3tI\nKoPAYM+Y/SZ62iFUy2sacPws5Kn/uyQVrvQFz3i3aka08BMjI/E7hotsuiSjEmMl\nvJgmiRqcmT3oJT0S3FAFaTSuSN1a8jTeKLTOfVQB1QKBgQDNVNL+dFZ9+A1oYbOJ\nXRodqZaj+ktJCqYD5QNt73kgm0YC3/W4C26VyBTcLjP4mljStDWSeVfDGUvHKe3i\nO/jlRyjkIeqgUOoLScwXLJSL5mZ55g8AdLXaDeHqtpInhiwn77+eaOgQlzCclP0m\nWmQECWpq+br8A4cHqyEvHFLk8wKBgQDAp9GrT0jAngKNP5cNP5mdVsqmvf1dfI0J\niKkDVGZ8eN3trPztHg5NqVkU4GS1hcgs63pnBFQ0YoD3g6HsQ3CxeGqWtOQJAPJB\nIcjKd+v/lt6t5911RTf/2tSFBf6Dcm2M2inT28xMRRxH1zlf5IBj2aJrJb4W/nZx\n4i7gWAAiJQKBgFRTiM+tsbPMQp1iupwoW0hhVJeFfJPDxsiErjLhDYrhmhAmMEDk\nmQb0g/SlGPz5To9CKVo9cViTs/ZYdvTZkm9/GQEQGM68TFJUfXfq/Bq0hdN8Mx8J\nz4F9ABIn5sBKrym7oaOKC/x8Sx+TZJ/ysW6i+0xxwWQsgrEYi+lQJY8XAoGANjXC\nqMqpdRHBNA+lqGOyDPTkFyE0zv6CDSG4NSilofa8s+lOTkZ7zdyOJXKyw+U+G22z\nRpOQQiFJmtweTwX3CukQTRHfbK0ofa1M+7Pc41GHnTW2Og5dIJBp5nh2UnR7YPvu\ncx/RD9EOkSR9j38TpYUSz8WSBJRbrdXwTM5WU0UCgYEAoQ0rX98Zv5fgIts2kz/k\n2O7Q46+Y8dmEICZ70fe0CNJ8m50SHl+U7VLnPHz3xw3NewoOww81IUi/ZYOSMfNN\n6e3Y6U66WXjJS+ipeuocUcigxLgnyaY7kfgx5saAhOC6mpGISHnMVbu3okFbgtci\ne0agWXI23HMhC95aZK2GGl0=\n-----END PRIVATE KEY-----\n","clientEmail":"ici-drive@appspot.gserviceaccount.com","httpClient":{"retry":{"maxRetries":4,"statusCodes":[503],"ioErrorCodes":["ECONNRESET","ETIMEDOUT"],"backOffFactor":0.5,"maxDelayInMillis":60000}}}} 
[warn] ⚠  functions: The Cloud Firestore emulator is not running, so calls to Firestore will affect production.
[debug] [2020-05-08T06:47:52.724Z] [runtime-status] [25486] Trigger "api" has been found, beginning invocation! 
[info] i  functions: Beginning execution of "api"
[debug] [2020-05-08T06:47:52.725Z] [runtime-status] [25486] triggerDefinition {"httpsTrigger":{},"name":"api","entryPoint":"api"} 
[debug] [2020-05-08T06:47:52.725Z] [runtime-status] [25486] Running api in mode HTTPS 
[debug] [2020-05-08T06:47:52.731Z] [runtime-status] [25486] Attempting to listen to socketPath: /tmp/fire_emu_25486.sock 
[debug] [2020-05-08T06:47:52.736Z] [functions] Runtime ready! Sending request! 
[debug] [2020-05-08T06:47:52.759Z] [runtime-status] [25486] Ephemeral server handling POST request 
[info] >  DEBUG [ 'newcart' ] {"user":"DEBUG [ 'newcart' ]"}
[debug] [2020-05-08T06:47:52.765Z] [runtime-status] [25486] Ephemeral server survived. 
[info] >  DEBUG [ 'new Order', {"user":"DEBUG [ 'new Order',"}
[info] >    { created: 1588913619781, {"user":"  { created: 1588913619781,"}
[info] >      maker: {"user":"    maker:"}
[info] >       { payments: [Object], {"user":"     { payments: [Object],"}
[info] >         image: 'https://icidrive.b-cdn.net/2019-03-01.jpg', {"user":"       image: 'https://icidrive.b-cdn.net/2019-03-01.jpg',"}
[info] >         email: 'NM8fqfGq3p@gmail.com', {"user":"       email: 'NM8fqfGq3p@gmail.com',"}
[info] >         name: 'aaxcSutMZo', {"user":"       name: 'aaxcSutMZo',"}
[info] >         place: [Object], {"user":"       place: [Object],"}
[info] >         prefixOrderRef: 'REF_', {"user":"       prefixOrderRef: 'REF_',"}
[info] >         id: 'GUMJWC7N5TW9Z', {"user":"       id: 'GUMJWC7N5TW9Z',"}
[info] >         categories: [Array], {"user":"       categories: [Array],"}
[info] >         phone: '4696311703', {"user":"       phone: '4696311703',"}
[info] >         created: 1588358269139, {"user":"       created: 1588358269139,"}
[info] >         description: 'washmtVzfwj6yODOWqCVXKR1LnBMT89r8t7C9mld9n4upCNNFz', {"user":"       description: 'washmtVzfwj6yODOWqCVXKR1LnBMT89r8t7C9mld9n4upCNNFz',"}
[info] >         webPage: 'http://google.fr', {"user":"       webPage: 'http://google.fr',"}
[info] >         products: [Array] }, {"user":"       products: [Array] },"}
[info] >      ref: 'REF_2020-05-08T06:53:39+02:00', {"user":"    ref: 'REF_2020-05-08T06:53:39+02:00',"}
[info] >      choices: [ [Object] ], {"user":"    choices: [ [Object] ],"}
[info] >      status: 'pending', {"user":"    status: 'pending',"}
[info] >      total: 5, {"user":"    total: 5,"}
[info] >      slot: 1589275800000, {"user":"    slot: 1589275800000,"}
[info] >      customer: {"user":"    customer:"}
[info] >       { email: 'ff.fremont.florent+auth@gmail.com', {"user":"     { email: 'ff.fremont.florent+auth@gmail.com',"}
[info] >         phone: '0642931228' } } ] {"user":"       phone: '0642931228' } } ]"}
[warn] ⚠  Google API requested!
   - URL: "https://www.googleapis.com/oauth2/v4/token"
   - Be careful, this may be a production service.
[info] >  DEBUG [ 'applyTransition', {"user":"DEBUG [ 'applyTransition',"}
[info] >    '63FCBDF1D5FBE3BD941E9E65ACDBD39E76A61A011AD48E1979AD5BED3AD4A38FEC4BD26577EC04EAF188292A0DA8167B', {"user":"  '63FCBDF1D5FBE3BD941E9E65ACDBD39E76A61A011AD48E1979AD5BED3AD4A38FEC4BD26577EC04EAF188292A0DA8167B',"}
[info] >    'https://api.elasticemail.com/v2/email/send', {"user":"  'https://api.elasticemail.com/v2/email/send',"}
[info] >    null, {"user":"  null,"}
[info] >    'init' ] {"user":"  'init' ]"}
[info] i  functions: Finished "api" in ~1s
[debug] [2020-05-08T06:47:54.025Z] [worker-api-7e3fc56c-3db5-4845-823d-3720bebfd3f2]: IDLE 
[debug] [2020-05-08T06:47:54.025Z] [work-queue] {"queueLength":0,"workRunningCount":0}
[debug] [2020-05-08T06:48:18.714Z] File /home/florent/VisualStudioCode/ici-drive-customer-app/functions/src/services/notif.service.ts changed, reloading triggers 
[debug] [2020-05-08T06:48:19.715Z] [worker-pool] Shutting down IDLE worker (~diagnostic~) 
[debug] [2020-05-08T06:48:19.715Z] [worker-~diagnostic~-0d9ed65f-2f2b-4308-9d6f-f2f3d680bda1]: FINISHING 
[debug] [2020-05-08T06:48:19.716Z] [worker-pool] Shutting down IDLE worker (api) 
[debug] [2020-05-08T06:48:19.716Z] [worker-api-7e3fc56c-3db5-4845-823d-3720bebfd3f2]: FINISHING 
[debug] [2020-05-08T06:48:19.731Z] [worker-pool] addWorker(~diagnostic~) 
[debug] [2020-05-08T06:48:19.731Z] [worker-pool] Adding worker with key ~diagnostic~, total=2 
[debug] [2020-05-08T06:48:19.731Z] [worker-pool] submitWork(triggerId=) 
[debug] [2020-05-08T06:48:19.731Z] [worker-~diagnostic~-4c9f8696-51b5-4236-b266-e2acd311e0ef]: Assigning socketPath: /tmp/fire_emu_25533.sock 
[debug] [2020-05-08T06:48:19.731Z] [worker-~diagnostic~-4c9f8696-51b5-4236-b266-e2acd311e0ef]: BUSY 
[debug] [2020-05-08T06:48:19.734Z] [worker-~diagnostic~-0d9ed65f-2f2b-4308-9d6f-f2f3d680bda1]: exited 
[debug] [2020-05-08T06:48:19.734Z] [worker-~diagnostic~-0d9ed65f-2f2b-4308-9d6f-f2f3d680bda1]: FINISHED 
[debug] [2020-05-08T06:48:19.734Z] [worker-api-7e3fc56c-3db5-4845-823d-3720bebfd3f2]: exited 
[debug] [2020-05-08T06:48:19.734Z] [worker-api-7e3fc56c-3db5-4845-823d-3720bebfd3f2]: FINISHED 
[debug] [2020-05-08T06:48:20.048Z] [runtime-status] [25533] Functions runtime initialized. {"cwd":"/home/florent/VisualStudioCode/ici-drive-customer-app/functions","node_version":"10.15.1"} 
[debug] [2020-05-08T06:48:20.051Z] [runtime-status] [25533] Disabled runtime features: undefined 
[debug] [2020-05-08T06:48:20.053Z] [runtime-status] [25533] Resolved module firebase-admin {"declared":true,"installed":true,"version":"8.11.0","resolution":"/home/florent/VisualStudioCode/ici-drive-customer-app/functions/node_modules/firebase-admin/lib/index.js"} 
[debug] [2020-05-08T06:48:20.055Z] [runtime-status] [25533] Resolved module firebase-functions {"declared":true,"installed":true,"version":"3.6.1","resolution":"/home/florent/VisualStudioCode/ici-drive-customer-app/functions/node_modules/firebase-functions/lib/index.js"} 
[debug] [2020-05-08T06:48:20.055Z] [runtime-status] [25533] Found local functions config: /home/florent/VisualStudioCode/ici-drive-customer-app/functions/.runtimeconfig.json 
[warn] ⚠  functions: Your GOOGLE_APPLICATION_CREDENTIALS environment variable points to /home/florent/Documents/espace_travail/ici-drive/ici-drive-946b5266ccce.json. Non-emulated services will access production using these credentials. Be careful!
[debug] [2020-05-08T06:48:20.062Z] [runtime-status] [25533] Outgoing network have been stubbed. [{"name":"http","status":"mocked"},{"name":"http","status":"mocked"},{"name":"https","status":"mocked"},{"name":"https","status":"mocked"},{"name":"net","status":"mocked"}] 
[debug] [2020-05-08T06:48:20.111Z] [runtime-status] [25533] Checked functions.config() {"config":{"elasticemail":{"apikey":"63FCBDF1D5FBE3BD941E9E65ACDBD39E76A61A011AD48E1979AD5BED3AD4A38FEC4BD26577EC04EAF188292A0DA8167B","url":"https://api.elasticemail.com/v2/email/send"}}} 
[debug] [2020-05-08T06:48:20.112Z] [runtime-status] [25533] Resolved module firebase-functions {"declared":true,"installed":true,"version":"3.6.1","resolution":"/home/florent/VisualStudioCode/ici-drive-customer-app/functions/node_modules/firebase-functions/lib/index.js"} 
[debug] [2020-05-08T06:48:20.114Z] [runtime-status] [25533] Resolved module firebase-admin {"declared":true,"installed":true,"version":"8.11.0","resolution":"/home/florent/VisualStudioCode/ici-drive-customer-app/functions/node_modules/firebase-admin/lib/index.js"} 
[debug] [2020-05-08T06:48:20.114Z] [runtime-status] [25533] Resolved module firebase-functions {"declared":true,"installed":true,"version":"3.6.1","resolution":"/home/florent/VisualStudioCode/ici-drive-customer-app/functions/node_modules/firebase-functions/lib/index.js"} 
[debug] [2020-05-08T06:48:20.114Z] [runtime-status] [25533] firebase-admin has been stubbed. {"adminResolution":{"declared":true,"installed":true,"version":"8.11.0","resolution":"/home/florent/VisualStudioCode/ici-drive-customer-app/functions/node_modules/firebase-admin/lib/index.js"}} 
[debug] [2020-05-08T06:48:20.373Z] [runtime-status] [25533] config() parent accessed! {"parentKey":"elasticemail","parentConfig":{"elasticemail":{"apikey":"63FCBDF1D5FBE3BD941E9E65ACDBD39E76A61A011AD48E1979AD5BED3AD4A38FEC4BD26577EC04EAF188292A0DA8167B","url":"https://api.elasticemail.com/v2/email/send"}}} 
[debug] [2020-05-08T06:48:20.373Z] [runtime-status] [25533] config() parent accessed! {"parentKey":"elasticemail","parentConfig":{"elasticemail":{"apikey":"63FCBDF1D5FBE3BD941E9E65ACDBD39E76A61A011AD48E1979AD5BED3AD4A38FEC4BD26577EC04EAF188292A0DA8167B","url":"https://api.elasticemail.com/v2/email/send"}}} 
[debug] [2020-05-08T06:48:20.490Z] [runtime-status] [25533] initializeApp(DEFAULT) {"databaseURL":"https://ici-drive.firebaseio.com","storageBucket":"ici-drive.appspot.com","projectId":"ici-drive","credential":{"implicit":false,"projectId":"ici-drive","privateKey":"-----BEGIN PRIVATE KEY-----\nMIIEvQIBADANBgkqhkiG9w0BAQEFAASCBKcwggSjAgEAAoIBAQCahjjAIsD3TsGZ\nHeBwCC8wdKSrRt0cDdO8m+szftGMKTHTh7mS8ipWjcKuc3+MPhn4HDmW55oEw77u\nOMn8YIlhxapXaPNadzXu1LlUm0nerh11lAXM5/k/0i7wzPNCILCj8Homt2+E3NKn\nCLryKAvMbEu9ksqpy6z5Zarj1pKy0JtmBiZaQ4tcCPqjGCW05ZwclC8zQLwGHPLH\nkP7gcj0rfOU3Tr/t7ZirMLwz5GM33Zo142672wcnCIBlLmeIKk+7ctFnem79yJpk\nfNEU/VKTAPY9yyTJ/fHfW5al0r1De1s7HY/97Inozgk+x8ZCWRay7JFgypL/gBcS\niuWiY10fAgMBAAECggEAC66K+seF1AxxqVwvW/jabGzdCA/G5niLIc6dxNpZCCIT\nIL05g8jn93wnFB4qLdWCDBZCKkzfAW408Hh9mKVJrYkOfCY0g4nQm3oceq90sa9z\nDbD/kUKWPsNqhgzQdRbYk8Q5z9R9S0uQZ01LKMRrQ+yJ+05uINEDhiUv+qJ9m6P4\njRdwHklUfoD5Zm3+W+Nlc8bLLBq2MU6IZrfXFtek3677bCejZGdq4+98gRjMm3tI\nKoPAYM+Y/SZ62iFUy2sacPws5Kn/uyQVrvQFz3i3aka08BMjI/E7hotsuiSjEmMl\nvJgmiRqcmT3oJT0S3FAFaTSuSN1a8jTeKLTOfVQB1QKBgQDNVNL+dFZ9+A1oYbOJ\nXRodqZaj+ktJCqYD5QNt73kgm0YC3/W4C26VyBTcLjP4mljStDWSeVfDGUvHKe3i\nO/jlRyjkIeqgUOoLScwXLJSL5mZ55g8AdLXaDeHqtpInhiwn77+eaOgQlzCclP0m\nWmQECWpq+br8A4cHqyEvHFLk8wKBgQDAp9GrT0jAngKNP5cNP5mdVsqmvf1dfI0J\niKkDVGZ8eN3trPztHg5NqVkU4GS1hcgs63pnBFQ0YoD3g6HsQ3CxeGqWtOQJAPJB\nIcjKd+v/lt6t5911RTf/2tSFBf6Dcm2M2inT28xMRRxH1zlf5IBj2aJrJb4W/nZx\n4i7gWAAiJQKBgFRTiM+tsbPMQp1iupwoW0hhVJeFfJPDxsiErjLhDYrhmhAmMEDk\nmQb0g/SlGPz5To9CKVo9cViTs/ZYdvTZkm9/GQEQGM68TFJUfXfq/Bq0hdN8Mx8J\nz4F9ABIn5sBKrym7oaOKC/x8Sx+TZJ/ysW6i+0xxwWQsgrEYi+lQJY8XAoGANjXC\nqMqpdRHBNA+lqGOyDPTkFyE0zv6CDSG4NSilofa8s+lOTkZ7zdyOJXKyw+U+G22z\nRpOQQiFJmtweTwX3CukQTRHfbK0ofa1M+7Pc41GHnTW2Og5dIJBp5nh2UnR7YPvu\ncx/RD9EOkSR9j38TpYUSz8WSBJRbrdXwTM5WU0UCgYEAoQ0rX98Zv5fgIts2kz/k\n2O7Q46+Y8dmEICZ70fe0CNJ8m50SHl+U7VLnPHz3xw3NewoOww81IUi/ZYOSMfNN\n6e3Y6U66WXjJS+ipeuocUcigxLgnyaY7kfgx5saAhOC6mpGISHnMVbu3okFbgtci\ne0agWXI23HMhC95aZK2GGl0=\n-----END PRIVATE KEY-----\n","clientEmail":"ici-drive@appspot.gserviceaccount.com","httpClient":{"retry":{"maxRetries":4,"statusCodes":[503],"ioErrorCodes":["ECONNRESET","ETIMEDOUT"],"backOffFactor":0.5,"maxDelayInMillis":60000}}}} 
[warn] ⚠  functions: The Cloud Firestore emulator is not running, so calls to Firestore will affect production.
[debug] [2020-05-08T06:48:20.499Z] [worker-~diagnostic~-4c9f8696-51b5-4236-b266-e2acd311e0ef]: IDLE 
[debug] [2020-05-08T06:48:51.244Z] File /home/florent/VisualStudioCode/ici-drive-customer-app/functions/src/resources/myorder.resource.ts changed, reloading triggers 
